[0.007s] Invoking command in '/home/napassorn/Desktop/FRA501_exam1_6435_6449/build/turtlesim_plus_interfaces': CMAKE_PREFIX_PATH=${CMAKE_PREFIX_PATH}:/opt/ros/humble /usr/bin/cmake /home/napassorn/Desktop/FRA501_exam1_6435_6449/src/turtlesim_plus/turtlesim_plus_interfaces -DCMAKE_INSTALL_PREFIX=/home/napassorn/Desktop/FRA501_exam1_6435_6449/install/turtlesim_plus_interfaces
[0.072s] -- The C compiler identification is GNU 11.4.0
[0.157s] -- The CXX compiler identification is GNU 11.4.0
[0.164s] -- Detecting C compiler ABI info
[0.204s] -- Detecting C compiler ABI info - done
[0.208s] -- Check for working C compiler: /usr/bin/cc - skipped
[0.208s] -- Detecting C compile features
[0.209s] -- Detecting C compile features - done
[0.211s] -- Detecting CXX compiler ABI info
[0.255s] -- Detecting CXX compiler ABI info - done
[0.259s] -- Check for working CXX compiler: /usr/bin/c++ - skipped
[0.259s] -- Detecting CXX compile features
[0.259s] -- Detecting CXX compile features - done
[0.264s] -- Found ament_cmake: 1.3.5 (/opt/ros/humble/share/ament_cmake/cmake)
[0.375s] -- Found Python3: /usr/bin/python3.10 (found version "3.10.12") found components: Interpreter 
[0.441s] -- Found ament_lint_auto: 0.12.7 (/opt/ros/humble/share/ament_lint_auto/cmake)
[0.491s] -- Found rosidl_default_generators: 1.2.0 (/opt/ros/humble/share/rosidl_default_generators/cmake)
[0.494s] -- Using all available rosidl_typesupport_c: rosidl_typesupport_fastrtps_c;rosidl_typesupport_introspection_c
[0.499s] -- Found rosidl_adapter: 3.1.5 (/opt/ros/humble/share/rosidl_adapter/cmake)
[0.524s] -- Using all available rosidl_typesupport_cpp: rosidl_typesupport_fastrtps_cpp;rosidl_typesupport_introspection_cpp
[0.726s] -- Found ament_cmake_ros: 0.10.0 (/opt/ros/humble/share/ament_cmake_ros/cmake)
[0.847s] -- Using all available rosidl_typesupport_c: rosidl_typesupport_fastrtps_c;rosidl_typesupport_introspection_c
[0.998s] -- Using all available rosidl_typesupport_cpp: rosidl_typesupport_fastrtps_cpp;rosidl_typesupport_introspection_cpp
[1.013s] -- Found PythonInterp: /usr/bin/python3 (found suitable version "3.10.12", minimum required is "3.6") 
[1.015s] -- Found python_cmake_module: 0.10.0 (/opt/ros/humble/share/python_cmake_module/cmake)
[1.033s] -- Found PythonLibs: /usr/lib/x86_64-linux-gnu/libpython3.10.so (found suitable version "3.10.12", minimum required is "3.5") 
[1.033s] -- Using PYTHON_EXECUTABLE: /usr/bin/python3
[1.033s] -- Using PYTHON_INCLUDE_DIRS: /usr/include/python3.10
[1.033s] -- Using PYTHON_LIBRARIES: /usr/lib/x86_64-linux-gnu/libpython3.10.so
[1.047s] -- Found PythonExtra: .so  
[1.077s] -- Added test 'lint_cmake' to check CMake code style
[1.078s] -- Added test 'xmllint' to check XML markup files
[1.082s] -- Configuring done
[1.103s] -- Generating done
[1.105s] -- Build files have been written to: /home/napassorn/Desktop/FRA501_exam1_6435_6449/build/turtlesim_plus_interfaces
[1.110s] Invoked command in '/home/napassorn/Desktop/FRA501_exam1_6435_6449/build/turtlesim_plus_interfaces' returned '0': CMAKE_PREFIX_PATH=${CMAKE_PREFIX_PATH}:/opt/ros/humble /usr/bin/cmake /home/napassorn/Desktop/FRA501_exam1_6435_6449/src/turtlesim_plus/turtlesim_plus_interfaces -DCMAKE_INSTALL_PREFIX=/home/napassorn/Desktop/FRA501_exam1_6435_6449/install/turtlesim_plus_interfaces
[1.110s] Invoking command in '/home/napassorn/Desktop/FRA501_exam1_6435_6449/build/turtlesim_plus_interfaces': CMAKE_PREFIX_PATH=${CMAKE_PREFIX_PATH}:/opt/ros/humble /usr/bin/cmake --build /home/napassorn/Desktop/FRA501_exam1_6435_6449/build/turtlesim_plus_interfaces -- -j20 -l20
[1.134s] [  1%] [34m[1mGenerating C code for ROS interfaces[0m
[1.139s] [  3%] [34m[1mGenerating C++ code for ROS interfaces[0m
[1.143s] [  3%] Built target ament_cmake_python_copy_turtlesim_plus_interfaces
[1.276s] running egg_info
[1.277s] creating turtlesim_plus_interfaces.egg-info
[1.277s] writing turtlesim_plus_interfaces.egg-info/PKG-INFO
[1.277s] writing dependency_links to turtlesim_plus_interfaces.egg-info/dependency_links.txt
[1.277s] writing top-level names to turtlesim_plus_interfaces.egg-info/top_level.txt
[1.277s] writing manifest file 'turtlesim_plus_interfaces.egg-info/SOURCES.txt'
[1.278s] reading manifest file 'turtlesim_plus_interfaces.egg-info/SOURCES.txt'
[1.278s] writing manifest file 'turtlesim_plus_interfaces.egg-info/SOURCES.txt'
[1.294s] [  3%] Built target ament_cmake_python_build_turtlesim_plus_interfaces_egg
[1.441s] [  3%] Built target turtlesim_plus_interfaces__cpp
[1.446s] [  5%] [34m[1mGenerating C++ type support dispatch for ROS interfaces[0m
[1.447s] [  7%] [34m[1mGenerating C++ type support for eProsima Fast-RTPS[0m
[1.447s] [ 10%] [32mBuilding C object CMakeFiles/turtlesim_plus_interfaces__rosidl_generator_c.dir/rosidl_generator_c/turtlesim_plus_interfaces/msg/detail/scanner_data__functions.c.o[0m
[1.447s] [ 10%] [32mBuilding C object CMakeFiles/turtlesim_plus_interfaces__rosidl_generator_c.dir/rosidl_generator_c/turtlesim_plus_interfaces/msg/detail/scanner_data_array__functions.c.o[0m
[1.447s] [ 12%] [32mBuilding C object CMakeFiles/turtlesim_plus_interfaces__rosidl_generator_c.dir/rosidl_generator_c/turtlesim_plus_interfaces/srv/detail/give_position__functions.c.o[0m
[1.447s] [ 14%] [32mBuilding C object CMakeFiles/turtlesim_plus_interfaces__rosidl_generator_c.dir/rosidl_generator_c/turtlesim_plus_interfaces/action/detail/get_data__functions.c.o[0m
[1.451s] [ 16%] [34m[1mGenerating C++ introspection for ROS interfaces[0m
[1.526s] [ 18%] [32m[1mLinking C shared library libturtlesim_plus_interfaces__rosidl_generator_c.so[0m
[1.549s] [ 18%] Built target turtlesim_plus_interfaces__rosidl_generator_c
[1.555s] [ 23%] [34m[1mGenerating C type support for eProsima Fast-RTPS[0m
[1.555s] [ 23%] [34m[1mGenerating C introspection for ROS interfaces[0m
[1.555s] [ 23%] [34m[1mGenerating C type support dispatch for ROS interfaces[0m
[1.644s] [ 25%] [32mBuilding CXX object CMakeFiles/turtlesim_plus_interfaces__rosidl_typesupport_cpp.dir/rosidl_typesupport_cpp/turtlesim_plus_interfaces/msg/scanner_data__type_support.cpp.o[0m
[1.646s] [ 29%] [32mBuilding CXX object CMakeFiles/turtlesim_plus_interfaces__rosidl_typesupport_cpp.dir/rosidl_typesupport_cpp/turtlesim_plus_interfaces/msg/scanner_data_array__type_support.cpp.o[0m
[1.646s] [ 30%] [32mBuilding CXX object CMakeFiles/turtlesim_plus_interfaces__rosidl_typesupport_cpp.dir/rosidl_typesupport_cpp/turtlesim_plus_interfaces/srv/give_position__type_support.cpp.o[0m
[1.647s] [ 30%] [32mBuilding CXX object CMakeFiles/turtlesim_plus_interfaces__rosidl_typesupport_cpp.dir/rosidl_typesupport_cpp/turtlesim_plus_interfaces/action/get_data__type_support.cpp.o[0m
[1.692s] [ 34%] [32mBuilding CXX object CMakeFiles/turtlesim_plus_interfaces__rosidl_typesupport_introspection_cpp.dir/rosidl_typesupport_introspection_cpp/turtlesim_plus_interfaces/msg/detail/scanner_data_array__type_support.cpp.o[0m
[1.692s] [ 34%] [32mBuilding CXX object CMakeFiles/turtlesim_plus_interfaces__rosidl_typesupport_introspection_cpp.dir/rosidl_typesupport_introspection_cpp/turtlesim_plus_interfaces/msg/detail/scanner_data__type_support.cpp.o[0m
[1.695s] [ 36%] [32mBuilding CXX object CMakeFiles/turtlesim_plus_interfaces__rosidl_typesupport_introspection_cpp.dir/rosidl_typesupport_introspection_cpp/turtlesim_plus_interfaces/srv/detail/give_position__type_support.cpp.o[0m
[1.695s] [ 38%] [32mBuilding CXX object CMakeFiles/turtlesim_plus_interfaces__rosidl_typesupport_introspection_cpp.dir/rosidl_typesupport_introspection_cpp/turtlesim_plus_interfaces/action/detail/get_data__type_support.cpp.o[0m
[1.750s] [ 40%] [32mBuilding CXX object CMakeFiles/turtlesim_plus_interfaces__rosidl_typesupport_fastrtps_cpp.dir/rosidl_typesupport_fastrtps_cpp/turtlesim_plus_interfaces/msg/detail/dds_fastrtps/scanner_data__type_support.cpp.o[0m
[1.751s] [ 41%] [32mBuilding CXX object CMakeFiles/turtlesim_plus_interfaces__rosidl_typesupport_fastrtps_cpp.dir/rosidl_typesupport_fastrtps_cpp/turtlesim_plus_interfaces/srv/detail/dds_fastrtps/give_position__type_support.cpp.o[0m
[1.751s] [ 43%] [32mBuilding CXX object CMakeFiles/turtlesim_plus_interfaces__rosidl_typesupport_fastrtps_cpp.dir/rosidl_typesupport_fastrtps_cpp/turtlesim_plus_interfaces/action/detail/dds_fastrtps/get_data__type_support.cpp.o[0m
[1.751s] [ 45%] [32mBuilding CXX object CMakeFiles/turtlesim_plus_interfaces__rosidl_typesupport_fastrtps_cpp.dir/rosidl_typesupport_fastrtps_cpp/turtlesim_plus_interfaces/msg/detail/dds_fastrtps/scanner_data_array__type_support.cpp.o[0m
[1.767s] [ 47%] [32mBuilding CXX object CMakeFiles/turtlesim_plus_interfaces__rosidl_typesupport_c.dir/rosidl_typesupport_c/turtlesim_plus_interfaces/action/get_data__type_support.cpp.o[0m
[1.768s] [ 50%] [32mBuilding CXX object CMakeFiles/turtlesim_plus_interfaces__rosidl_typesupport_c.dir/rosidl_typesupport_c/turtlesim_plus_interfaces/srv/give_position__type_support.cpp.o[0m
[1.768s] [ 50%] [32mBuilding CXX object CMakeFiles/turtlesim_plus_interfaces__rosidl_typesupport_c.dir/rosidl_typesupport_c/turtlesim_plus_interfaces/msg/scanner_data_array__type_support.cpp.o[0m
[1.769s] [ 52%] [32mBuilding CXX object CMakeFiles/turtlesim_plus_interfaces__rosidl_typesupport_c.dir/rosidl_typesupport_c/turtlesim_plus_interfaces/msg/scanner_data__type_support.cpp.o[0m
[1.815s] [ 54%] [32m[1mLinking CXX shared library libturtlesim_plus_interfaces__rosidl_typesupport_c.so[0m
[1.849s] [ 54%] Built target turtlesim_plus_interfaces__rosidl_typesupport_c
[1.874s] [ 58%] [32mBuilding C object CMakeFiles/turtlesim_plus_interfaces__rosidl_typesupport_introspection_c.dir/rosidl_typesupport_introspection_c/turtlesim_plus_interfaces/msg/detail/scanner_data__type_support.c.o[0m
[1.874s] [ 60%] [32mBuilding C object CMakeFiles/turtlesim_plus_interfaces__rosidl_typesupport_introspection_c.dir/rosidl_typesupport_introspection_c/turtlesim_plus_interfaces/action/detail/get_data__type_support.c.o[0m
[1.874s] [ 60%] [32mBuilding C object CMakeFiles/turtlesim_plus_interfaces__rosidl_typesupport_introspection_c.dir/rosidl_typesupport_introspection_c/turtlesim_plus_interfaces/msg/detail/scanner_data_array__type_support.c.o[0m
[1.875s] [ 61%] [32mBuilding C object CMakeFiles/turtlesim_plus_interfaces__rosidl_typesupport_introspection_c.dir/rosidl_typesupport_introspection_c/turtlesim_plus_interfaces/srv/detail/give_position__type_support.c.o[0m
[1.883s] [ 65%] [32mBuilding CXX object CMakeFiles/turtlesim_plus_interfaces__rosidl_typesupport_fastrtps_c.dir/rosidl_typesupport_fastrtps_c/turtlesim_plus_interfaces/msg/detail/scanner_data__type_support_c.cpp.o[0m
[1.883s] [ 65%] [32mBuilding CXX object CMakeFiles/turtlesim_plus_interfaces__rosidl_typesupport_fastrtps_c.dir/rosidl_typesupport_fastrtps_c/turtlesim_plus_interfaces/msg/detail/scanner_data_array__type_support_c.cpp.o[0m
[1.883s] [ 67%] [32mBuilding CXX object CMakeFiles/turtlesim_plus_interfaces__rosidl_typesupport_fastrtps_c.dir/rosidl_typesupport_fastrtps_c/turtlesim_plus_interfaces/srv/detail/give_position__type_support_c.cpp.o[0m
[1.883s] [ 69%] [32mBuilding CXX object CMakeFiles/turtlesim_plus_interfaces__rosidl_typesupport_fastrtps_c.dir/rosidl_typesupport_fastrtps_c/turtlesim_plus_interfaces/action/detail/get_data__type_support_c.cpp.o[0m
[1.924s] [ 70%] [32m[1mLinking C shared library libturtlesim_plus_interfaces__rosidl_typesupport_introspection_c.so[0m
[1.958s] [ 70%] Built target turtlesim_plus_interfaces__rosidl_typesupport_introspection_c
[2.038s] [ 72%] [32m[1mLinking CXX shared library libturtlesim_plus_interfaces__rosidl_typesupport_cpp.so[0m
[2.067s] [ 72%] Built target turtlesim_plus_interfaces__rosidl_typesupport_cpp
[2.160s] [ 74%] [32m[1mLinking CXX shared library libturtlesim_plus_interfaces__rosidl_typesupport_fastrtps_cpp.so[0m
[2.165s] [ 76%] [32m[1mLinking CXX shared library libturtlesim_plus_interfaces__rosidl_typesupport_fastrtps_c.so[0m
[2.204s] [ 76%] Built target turtlesim_plus_interfaces__rosidl_typesupport_fastrtps_cpp
[2.207s] [ 76%] Built target turtlesim_plus_interfaces__rosidl_typesupport_fastrtps_c
[2.237s] [ 78%] [32m[1mLinking CXX shared library libturtlesim_plus_interfaces__rosidl_typesupport_introspection_cpp.so[0m
[2.277s] [ 78%] Built target turtlesim_plus_interfaces__rosidl_typesupport_introspection_cpp
[2.289s] [ 78%] Built target turtlesim_plus_interfaces
[2.299s] [ 80%] [34m[1mGenerating Python code for ROS interfaces[0m
[2.755s] [ 80%] Built target turtlesim_plus_interfaces__py
[2.767s] [ 85%] [32mBuilding C object CMakeFiles/turtlesim_plus_interfaces__rosidl_generator_py.dir/rosidl_generator_py/turtlesim_plus_interfaces/msg/_scanner_data_array_s.c.o[0m
[2.767s] [ 85%] [32mBuilding C object CMakeFiles/turtlesim_plus_interfaces__rosidl_generator_py.dir/rosidl_generator_py/turtlesim_plus_interfaces/msg/_scanner_data_s.c.o[0m
[2.767s] [ 85%] [32mBuilding C object CMakeFiles/turtlesim_plus_interfaces__rosidl_generator_py.dir/rosidl_generator_py/turtlesim_plus_interfaces/srv/_give_position_s.c.o[0m
[2.767s] [ 87%] [32mBuilding C object CMakeFiles/turtlesim_plus_interfaces__rosidl_generator_py.dir/rosidl_generator_py/turtlesim_plus_interfaces/action/_get_data_s.c.o[0m
[2.855s] [ 89%] [32m[1mLinking C shared library rosidl_generator_py/turtlesim_plus_interfaces/libturtlesim_plus_interfaces__rosidl_generator_py.so[0m
[2.880s] [ 89%] Built target turtlesim_plus_interfaces__rosidl_generator_py
[2.892s] [ 94%] [32mBuilding C object CMakeFiles/turtlesim_plus_interfaces__rosidl_typesupport_fastrtps_c__pyext.dir/rosidl_generator_py/turtlesim_plus_interfaces/_turtlesim_plus_interfaces_s.ep.rosidl_typesupport_fastrtps_c.c.o[0m
[2.892s] [ 94%] [32mBuilding C object CMakeFiles/turtlesim_plus_interfaces__rosidl_typesupport_introspection_c__pyext.dir/rosidl_generator_py/turtlesim_plus_interfaces/_turtlesim_plus_interfaces_s.ep.rosidl_typesupport_introspection_c.c.o[0m
[2.892s] [ 94%] [32mBuilding C object CMakeFiles/turtlesim_plus_interfaces__rosidl_typesupport_c__pyext.dir/rosidl_generator_py/turtlesim_plus_interfaces/_turtlesim_plus_interfaces_s.ep.rosidl_typesupport_c.c.o[0m
[2.960s] [100%] [32m[1mLinking C shared library rosidl_generator_py/turtlesim_plus_interfaces/turtlesim_plus_interfaces_s__rosidl_typesupport_introspection_c.cpython-310-x86_64-linux-gnu.so[0m
[2.960s] [100%] [32m[1mLinking C shared library rosidl_generator_py/turtlesim_plus_interfaces/turtlesim_plus_interfaces_s__rosidl_typesupport_fastrtps_c.cpython-310-x86_64-linux-gnu.so[0m
[2.960s] [100%] [32m[1mLinking C shared library rosidl_generator_py/turtlesim_plus_interfaces/turtlesim_plus_interfaces_s__rosidl_typesupport_c.cpython-310-x86_64-linux-gnu.so[0m
[2.982s] [100%] Built target turtlesim_plus_interfaces__rosidl_typesupport_c__pyext
[2.982s] [100%] Built target turtlesim_plus_interfaces__rosidl_typesupport_fastrtps_c__pyext
[2.983s] [100%] Built target turtlesim_plus_interfaces__rosidl_typesupport_introspection_c__pyext
[2.989s] Invoked command in '/home/napassorn/Desktop/FRA501_exam1_6435_6449/build/turtlesim_plus_interfaces' returned '0': CMAKE_PREFIX_PATH=${CMAKE_PREFIX_PATH}:/opt/ros/humble /usr/bin/cmake --build /home/napassorn/Desktop/FRA501_exam1_6435_6449/build/turtlesim_plus_interfaces -- -j20 -l20
[3.054s] Invoking command in '/home/napassorn/Desktop/FRA501_exam1_6435_6449/build/turtlesim_plus_interfaces': CMAKE_PREFIX_PATH=${CMAKE_PREFIX_PATH}:/opt/ros/humble /usr/bin/cmake --install /home/napassorn/Desktop/FRA501_exam1_6435_6449/build/turtlesim_plus_interfaces
[3.059s] -- Install configuration: ""
[3.059s] -- Installing: /home/napassorn/Desktop/FRA501_exam1_6435_6449/install/turtlesim_plus_interfaces/share/ament_index/resource_index/rosidl_interfaces/turtlesim_plus_interfaces
[3.059s] -- Installing: /home/napassorn/Desktop/FRA501_exam1_6435_6449/install/turtlesim_plus_interfaces/include/turtlesim_plus_interfaces/turtlesim_plus_interfaces
[3.059s] -- Installing: /home/napassorn/Desktop/FRA501_exam1_6435_6449/install/turtlesim_plus_interfaces/include/turtlesim_plus_interfaces/turtlesim_plus_interfaces/srv
[3.059s] -- Installing: /home/napassorn/Desktop/FRA501_exam1_6435_6449/install/turtlesim_plus_interfaces/include/turtlesim_plus_interfaces/turtlesim_plus_interfaces/srv/give_position.h
[3.059s] -- Installing: /home/napassorn/Desktop/FRA501_exam1_6435_6449/install/turtlesim_plus_interfaces/include/turtlesim_plus_interfaces/turtlesim_plus_interfaces/srv/detail
[3.059s] -- Installing: /home/napassorn/Desktop/FRA501_exam1_6435_6449/install/turtlesim_plus_interfaces/include/turtlesim_plus_interfaces/turtlesim_plus_interfaces/srv/detail/give_position__type_support.h
[3.059s] -- Installing: /home/napassorn/Desktop/FRA501_exam1_6435_6449/install/turtlesim_plus_interfaces/include/turtlesim_plus_interfaces/turtlesim_plus_interfaces/srv/detail/give_position__struct.h
[3.060s] -- Installing: /home/napassorn/Desktop/FRA501_exam1_6435_6449/install/turtlesim_plus_interfaces/include/turtlesim_plus_interfaces/turtlesim_plus_interfaces/srv/detail/give_position__functions.c
[3.060s] -- Installing: /home/napassorn/Desktop/FRA501_exam1_6435_6449/install/turtlesim_plus_interfaces/include/turtlesim_plus_interfaces/turtlesim_plus_interfaces/srv/detail/give_position__functions.h
[3.060s] -- Installing: /home/napassorn/Desktop/FRA501_exam1_6435_6449/install/turtlesim_plus_interfaces/include/turtlesim_plus_interfaces/turtlesim_plus_interfaces/msg
[3.060s] -- Installing: /home/napassorn/Desktop/FRA501_exam1_6435_6449/install/turtlesim_plus_interfaces/include/turtlesim_plus_interfaces/turtlesim_plus_interfaces/msg/rosidl_generator_c__visibility_control.h
[3.060s] -- Installing: /home/napassorn/Desktop/FRA501_exam1_6435_6449/install/turtlesim_plus_interfaces/include/turtlesim_plus_interfaces/turtlesim_plus_interfaces/msg/scanner_data.h
[3.060s] -- Installing: /home/napassorn/Desktop/FRA501_exam1_6435_6449/install/turtlesim_plus_interfaces/include/turtlesim_plus_interfaces/turtlesim_plus_interfaces/msg/scanner_data_array.h
[3.060s] -- Installing: /home/napassorn/Desktop/FRA501_exam1_6435_6449/install/turtlesim_plus_interfaces/include/turtlesim_plus_interfaces/turtlesim_plus_interfaces/msg/detail
[3.060s] -- Installing: /home/napassorn/Desktop/FRA501_exam1_6435_6449/install/turtlesim_plus_interfaces/include/turtlesim_plus_interfaces/turtlesim_plus_interfaces/msg/detail/scanner_data_array__type_support.h
[3.060s] -- Installing: /home/napassorn/Desktop/FRA501_exam1_6435_6449/install/turtlesim_plus_interfaces/include/turtlesim_plus_interfaces/turtlesim_plus_interfaces/msg/detail/scanner_data__functions.h
[3.060s] -- Installing: /home/napassorn/Desktop/FRA501_exam1_6435_6449/install/turtlesim_plus_interfaces/include/turtlesim_plus_interfaces/turtlesim_plus_interfaces/msg/detail/scanner_data__type_support.h
[3.060s] -- Installing: /home/napassorn/Desktop/FRA501_exam1_6435_6449/install/turtlesim_plus_interfaces/include/turtlesim_plus_interfaces/turtlesim_plus_interfaces/msg/detail/scanner_data_array__struct.h
[3.060s] -- Installing: /home/napassorn/Desktop/FRA501_exam1_6435_6449/install/turtlesim_plus_interfaces/include/turtlesim_plus_interfaces/turtlesim_plus_interfaces/msg/detail/scanner_data_array__functions.c
[3.060s] -- Installing: /home/napassorn/Desktop/FRA501_exam1_6435_6449/install/turtlesim_plus_interfaces/include/turtlesim_plus_interfaces/turtlesim_plus_interfaces/msg/detail/scanner_data_array__functions.h
[3.060s] -- Installing: /home/napassorn/Desktop/FRA501_exam1_6435_6449/install/turtlesim_plus_interfaces/include/turtlesim_plus_interfaces/turtlesim_plus_interfaces/msg/detail/scanner_data__functions.c
[3.060s] -- Installing: /home/napassorn/Desktop/FRA501_exam1_6435_6449/install/turtlesim_plus_interfaces/include/turtlesim_plus_interfaces/turtlesim_plus_interfaces/msg/detail/scanner_data__struct.h
[3.060s] -- Installing: /home/napassorn/Desktop/FRA501_exam1_6435_6449/install/turtlesim_plus_interfaces/include/turtlesim_plus_interfaces/turtlesim_plus_interfaces/action
[3.060s] -- Installing: /home/napassorn/Desktop/FRA501_exam1_6435_6449/install/turtlesim_plus_interfaces/include/turtlesim_plus_interfaces/turtlesim_plus_interfaces/action/get_data.h
[3.060s] -- Installing: /home/napassorn/Desktop/FRA501_exam1_6435_6449/install/turtlesim_plus_interfaces/include/turtlesim_plus_interfaces/turtlesim_plus_interfaces/action/detail
[3.060s] -- Installing: /home/napassorn/Desktop/FRA501_exam1_6435_6449/install/turtlesim_plus_interfaces/include/turtlesim_plus_interfaces/turtlesim_plus_interfaces/action/detail/get_data__type_support.h
[3.060s] -- Installing: /home/napassorn/Desktop/FRA501_exam1_6435_6449/install/turtlesim_plus_interfaces/include/turtlesim_plus_interfaces/turtlesim_plus_interfaces/action/detail/get_data__functions.c
[3.060s] -- Installing: /home/napassorn/Desktop/FRA501_exam1_6435_6449/install/turtlesim_plus_interfaces/include/turtlesim_plus_interfaces/turtlesim_plus_interfaces/action/detail/get_data__functions.h
[3.060s] -- Installing: /home/napassorn/Desktop/FRA501_exam1_6435_6449/install/turtlesim_plus_interfaces/include/turtlesim_plus_interfaces/turtlesim_plus_interfaces/action/detail/get_data__struct.h
[3.060s] -- Installing: /home/napassorn/Desktop/FRA501_exam1_6435_6449/install/turtlesim_plus_interfaces/share/turtlesim_plus_interfaces/environment/library_path.sh
[3.060s] -- Installing: /home/napassorn/Desktop/FRA501_exam1_6435_6449/install/turtlesim_plus_interfaces/share/turtlesim_plus_interfaces/environment/library_path.dsv
[3.060s] -- Installing: /home/napassorn/Desktop/FRA501_exam1_6435_6449/install/turtlesim_plus_interfaces/lib/libturtlesim_plus_interfaces__rosidl_generator_c.so
[3.060s] -- Set runtime path of "/home/napassorn/Desktop/FRA501_exam1_6435_6449/install/turtlesim_plus_interfaces/lib/libturtlesim_plus_interfaces__rosidl_generator_c.so" to ""
[3.060s] -- Up-to-date: /home/napassorn/Desktop/FRA501_exam1_6435_6449/install/turtlesim_plus_interfaces/include/turtlesim_plus_interfaces/turtlesim_plus_interfaces
[3.060s] -- Up-to-date: /home/napassorn/Desktop/FRA501_exam1_6435_6449/install/turtlesim_plus_interfaces/include/turtlesim_plus_interfaces/turtlesim_plus_interfaces/srv
[3.060s] -- Up-to-date: /home/napassorn/Desktop/FRA501_exam1_6435_6449/install/turtlesim_plus_interfaces/include/turtlesim_plus_interfaces/turtlesim_plus_interfaces/srv/detail
[3.061s] -- Installing: /home/napassorn/Desktop/FRA501_exam1_6435_6449/install/turtlesim_plus_interfaces/include/turtlesim_plus_interfaces/turtlesim_plus_interfaces/srv/detail/give_position__rosidl_typesupport_fastrtps_c.h
[3.061s] -- Up-to-date: /home/napassorn/Desktop/FRA501_exam1_6435_6449/install/turtlesim_plus_interfaces/include/turtlesim_plus_interfaces/turtlesim_plus_interfaces/msg
[3.061s] -- Installing: /home/napassorn/Desktop/FRA501_exam1_6435_6449/install/turtlesim_plus_interfaces/include/turtlesim_plus_interfaces/turtlesim_plus_interfaces/msg/rosidl_typesupport_fastrtps_c__visibility_control.h
[3.061s] -- Up-to-date: /home/napassorn/Desktop/FRA501_exam1_6435_6449/install/turtlesim_plus_interfaces/include/turtlesim_plus_interfaces/turtlesim_plus_interfaces/msg/detail
[3.061s] -- Installing: /home/napassorn/Desktop/FRA501_exam1_6435_6449/install/turtlesim_plus_interfaces/include/turtlesim_plus_interfaces/turtlesim_plus_interfaces/msg/detail/scanner_data_array__rosidl_typesupport_fastrtps_c.h
[3.061s] -- Installing: /home/napassorn/Desktop/FRA501_exam1_6435_6449/install/turtlesim_plus_interfaces/include/turtlesim_plus_interfaces/turtlesim_plus_interfaces/msg/detail/scanner_data__rosidl_typesupport_fastrtps_c.h
[3.061s] -- Up-to-date: /home/napassorn/Desktop/FRA501_exam1_6435_6449/install/turtlesim_plus_interfaces/include/turtlesim_plus_interfaces/turtlesim_plus_interfaces/action
[3.061s] -- Up-to-date: /home/napassorn/Desktop/FRA501_exam1_6435_6449/install/turtlesim_plus_interfaces/include/turtlesim_plus_interfaces/turtlesim_plus_interfaces/action/detail
[3.061s] -- Installing: /home/napassorn/Desktop/FRA501_exam1_6435_6449/install/turtlesim_plus_interfaces/include/turtlesim_plus_interfaces/turtlesim_plus_interfaces/action/detail/get_data__rosidl_typesupport_fastrtps_c.h
[3.061s] -- Installing: /home/napassorn/Desktop/FRA501_exam1_6435_6449/install/turtlesim_plus_interfaces/lib/libturtlesim_plus_interfaces__rosidl_typesupport_fastrtps_c.so
[3.061s] -- Set runtime path of "/home/napassorn/Desktop/FRA501_exam1_6435_6449/install/turtlesim_plus_interfaces/lib/libturtlesim_plus_interfaces__rosidl_typesupport_fastrtps_c.so" to ""
[3.061s] -- Up-to-date: /home/napassorn/Desktop/FRA501_exam1_6435_6449/install/turtlesim_plus_interfaces/include/turtlesim_plus_interfaces/turtlesim_plus_interfaces
[3.061s] -- Up-to-date: /home/napassorn/Desktop/FRA501_exam1_6435_6449/install/turtlesim_plus_interfaces/include/turtlesim_plus_interfaces/turtlesim_plus_interfaces/srv
[3.061s] -- Up-to-date: /home/napassorn/Desktop/FRA501_exam1_6435_6449/install/turtlesim_plus_interfaces/include/turtlesim_plus_interfaces/turtlesim_plus_interfaces/srv/detail
[3.061s] -- Installing: /home/napassorn/Desktop/FRA501_exam1_6435_6449/install/turtlesim_plus_interfaces/include/turtlesim_plus_interfaces/turtlesim_plus_interfaces/srv/detail/give_position__type_support.c
[3.061s] -- Installing: /home/napassorn/Desktop/FRA501_exam1_6435_6449/install/turtlesim_plus_interfaces/include/turtlesim_plus_interfaces/turtlesim_plus_interfaces/srv/detail/give_position__rosidl_typesupport_introspection_c.h
[3.061s] -- Up-to-date: /home/napassorn/Desktop/FRA501_exam1_6435_6449/install/turtlesim_plus_interfaces/include/turtlesim_plus_interfaces/turtlesim_plus_interfaces/msg
[3.061s] -- Up-to-date: /home/napassorn/Desktop/FRA501_exam1_6435_6449/install/turtlesim_plus_interfaces/include/turtlesim_plus_interfaces/turtlesim_plus_interfaces/msg/detail
[3.061s] -- Installing: /home/napassorn/Desktop/FRA501_exam1_6435_6449/install/turtlesim_plus_interfaces/include/turtlesim_plus_interfaces/turtlesim_plus_interfaces/msg/detail/scanner_data_array__rosidl_typesupport_introspection_c.h
[3.061s] -- Installing: /home/napassorn/Desktop/FRA501_exam1_6435_6449/install/turtlesim_plus_interfaces/include/turtlesim_plus_interfaces/turtlesim_plus_interfaces/msg/detail/scanner_data__rosidl_typesupport_introspection_c.h
[3.061s] -- Installing: /home/napassorn/Desktop/FRA501_exam1_6435_6449/install/turtlesim_plus_interfaces/include/turtlesim_plus_interfaces/turtlesim_plus_interfaces/msg/detail/scanner_data_array__type_support.c
[3.061s] -- Installing: /home/napassorn/Desktop/FRA501_exam1_6435_6449/install/turtlesim_plus_interfaces/include/turtlesim_plus_interfaces/turtlesim_plus_interfaces/msg/detail/scanner_data__type_support.c
[3.061s] -- Installing: /home/napassorn/Desktop/FRA501_exam1_6435_6449/install/turtlesim_plus_interfaces/include/turtlesim_plus_interfaces/turtlesim_plus_interfaces/msg/rosidl_typesupport_introspection_c__visibility_control.h
[3.061s] -- Up-to-date: /home/napassorn/Desktop/FRA501_exam1_6435_6449/install/turtlesim_plus_interfaces/include/turtlesim_plus_interfaces/turtlesim_plus_interfaces/action
[3.061s] -- Up-to-date: /home/napassorn/Desktop/FRA501_exam1_6435_6449/install/turtlesim_plus_interfaces/include/turtlesim_plus_interfaces/turtlesim_plus_interfaces/action/detail
[3.061s] -- Installing: /home/napassorn/Desktop/FRA501_exam1_6435_6449/install/turtlesim_plus_interfaces/include/turtlesim_plus_interfaces/turtlesim_plus_interfaces/action/detail/get_data__rosidl_typesupport_introspection_c.h
[3.061s] -- Installing: /home/napassorn/Desktop/FRA501_exam1_6435_6449/install/turtlesim_plus_interfaces/include/turtlesim_plus_interfaces/turtlesim_plus_interfaces/action/detail/get_data__type_support.c
[3.061s] -- Installing: /home/napassorn/Desktop/FRA501_exam1_6435_6449/install/turtlesim_plus_interfaces/lib/libturtlesim_plus_interfaces__rosidl_typesupport_introspection_c.so
[3.061s] -- Set runtime path of "/home/napassorn/Desktop/FRA501_exam1_6435_6449/install/turtlesim_plus_interfaces/lib/libturtlesim_plus_interfaces__rosidl_typesupport_introspection_c.so" to ""
[3.061s] -- Installing: /home/napassorn/Desktop/FRA501_exam1_6435_6449/install/turtlesim_plus_interfaces/lib/libturtlesim_plus_interfaces__rosidl_typesupport_c.so
[3.061s] -- Set runtime path of "/home/napassorn/Desktop/FRA501_exam1_6435_6449/install/turtlesim_plus_interfaces/lib/libturtlesim_plus_interfaces__rosidl_typesupport_c.so" to ""
[3.061s] -- Up-to-date: /home/napassorn/Desktop/FRA501_exam1_6435_6449/install/turtlesim_plus_interfaces/include/turtlesim_plus_interfaces/turtlesim_plus_interfaces
[3.062s] -- Up-to-date: /home/napassorn/Desktop/FRA501_exam1_6435_6449/install/turtlesim_plus_interfaces/include/turtlesim_plus_interfaces/turtlesim_plus_interfaces/srv
[3.062s] -- Installing: /home/napassorn/Desktop/FRA501_exam1_6435_6449/install/turtlesim_plus_interfaces/include/turtlesim_plus_interfaces/turtlesim_plus_interfaces/srv/give_position.hpp
[3.062s] -- Up-to-date: /home/napassorn/Desktop/FRA501_exam1_6435_6449/install/turtlesim_plus_interfaces/include/turtlesim_plus_interfaces/turtlesim_plus_interfaces/srv/detail
[3.062s] -- Installing: /home/napassorn/Desktop/FRA501_exam1_6435_6449/install/turtlesim_plus_interfaces/include/turtlesim_plus_interfaces/turtlesim_plus_interfaces/srv/detail/give_position__struct.hpp
[3.062s] -- Installing: /home/napassorn/Desktop/FRA501_exam1_6435_6449/install/turtlesim_plus_interfaces/include/turtlesim_plus_interfaces/turtlesim_plus_interfaces/srv/detail/give_position__traits.hpp
[3.062s] -- Installing: /home/napassorn/Desktop/FRA501_exam1_6435_6449/install/turtlesim_plus_interfaces/include/turtlesim_plus_interfaces/turtlesim_plus_interfaces/srv/detail/give_position__builder.hpp
[3.062s] -- Up-to-date: /home/napassorn/Desktop/FRA501_exam1_6435_6449/install/turtlesim_plus_interfaces/include/turtlesim_plus_interfaces/turtlesim_plus_interfaces/msg
[3.062s] -- Installing: /home/napassorn/Desktop/FRA501_exam1_6435_6449/install/turtlesim_plus_interfaces/include/turtlesim_plus_interfaces/turtlesim_plus_interfaces/msg/scanner_data_array.hpp
[3.062s] -- Installing: /home/napassorn/Desktop/FRA501_exam1_6435_6449/install/turtlesim_plus_interfaces/include/turtlesim_plus_interfaces/turtlesim_plus_interfaces/msg/scanner_data.hpp
[3.062s] -- Up-to-date: /home/napassorn/Desktop/FRA501_exam1_6435_6449/install/turtlesim_plus_interfaces/include/turtlesim_plus_interfaces/turtlesim_plus_interfaces/msg/detail
[3.062s] -- Installing: /home/napassorn/Desktop/FRA501_exam1_6435_6449/install/turtlesim_plus_interfaces/include/turtlesim_plus_interfaces/turtlesim_plus_interfaces/msg/detail/scanner_data__traits.hpp
[3.062s] -- Installing: /home/napassorn/Desktop/FRA501_exam1_6435_6449/install/turtlesim_plus_interfaces/include/turtlesim_plus_interfaces/turtlesim_plus_interfaces/msg/detail/scanner_data__builder.hpp
[3.062s] -- Installing: /home/napassorn/Desktop/FRA501_exam1_6435_6449/install/turtlesim_plus_interfaces/include/turtlesim_plus_interfaces/turtlesim_plus_interfaces/msg/detail/scanner_data_array__struct.hpp
[3.062s] -- Installing: /home/napassorn/Desktop/FRA501_exam1_6435_6449/install/turtlesim_plus_interfaces/include/turtlesim_plus_interfaces/turtlesim_plus_interfaces/msg/detail/scanner_data__struct.hpp
[3.062s] -- Installing: /home/napassorn/Desktop/FRA501_exam1_6435_6449/install/turtlesim_plus_interfaces/include/turtlesim_plus_interfaces/turtlesim_plus_interfaces/msg/detail/scanner_data_array__builder.hpp
[3.062s] -- Installing: /home/napassorn/Desktop/FRA501_exam1_6435_6449/install/turtlesim_plus_interfaces/include/turtlesim_plus_interfaces/turtlesim_plus_interfaces/msg/detail/scanner_data_array__traits.hpp
[3.063s] -- Up-to-date: /home/napassorn/Desktop/FRA501_exam1_6435_6449/install/turtlesim_plus_interfaces/include/turtlesim_plus_interfaces/turtlesim_plus_interfaces/action
[3.063s] -- Installing: /home/napassorn/Desktop/FRA501_exam1_6435_6449/install/turtlesim_plus_interfaces/include/turtlesim_plus_interfaces/turtlesim_plus_interfaces/action/get_data.hpp
[3.063s] -- Up-to-date: /home/napassorn/Desktop/FRA501_exam1_6435_6449/install/turtlesim_plus_interfaces/include/turtlesim_plus_interfaces/turtlesim_plus_interfaces/action/detail
[3.063s] -- Installing: /home/napassorn/Desktop/FRA501_exam1_6435_6449/install/turtlesim_plus_interfaces/include/turtlesim_plus_interfaces/turtlesim_plus_interfaces/action/detail/get_data__traits.hpp
[3.063s] -- Installing: /home/napassorn/Desktop/FRA501_exam1_6435_6449/install/turtlesim_plus_interfaces/include/turtlesim_plus_interfaces/turtlesim_plus_interfaces/action/detail/get_data__struct.hpp
[3.063s] -- Installing: /home/napassorn/Desktop/FRA501_exam1_6435_6449/install/turtlesim_plus_interfaces/include/turtlesim_plus_interfaces/turtlesim_plus_interfaces/action/detail/get_data__builder.hpp
[3.063s] -- Up-to-date: /home/napassorn/Desktop/FRA501_exam1_6435_6449/install/turtlesim_plus_interfaces/include/turtlesim_plus_interfaces/turtlesim_plus_interfaces
[3.063s] -- Up-to-date: /home/napassorn/Desktop/FRA501_exam1_6435_6449/install/turtlesim_plus_interfaces/include/turtlesim_plus_interfaces/turtlesim_plus_interfaces/srv
[3.063s] -- Up-to-date: /home/napassorn/Desktop/FRA501_exam1_6435_6449/install/turtlesim_plus_interfaces/include/turtlesim_plus_interfaces/turtlesim_plus_interfaces/srv/detail
[3.063s] -- Installing: /home/napassorn/Desktop/FRA501_exam1_6435_6449/install/turtlesim_plus_interfaces/include/turtlesim_plus_interfaces/turtlesim_plus_interfaces/srv/detail/give_position__rosidl_typesupport_fastrtps_cpp.hpp
[3.063s] -- Installing: /home/napassorn/Desktop/FRA501_exam1_6435_6449/install/turtlesim_plus_interfaces/include/turtlesim_plus_interfaces/turtlesim_plus_interfaces/srv/detail/dds_fastrtps
[3.063s] -- Up-to-date: /home/napassorn/Desktop/FRA501_exam1_6435_6449/install/turtlesim_plus_interfaces/include/turtlesim_plus_interfaces/turtlesim_plus_interfaces/msg
[3.063s] -- Installing: /home/napassorn/Desktop/FRA501_exam1_6435_6449/install/turtlesim_plus_interfaces/include/turtlesim_plus_interfaces/turtlesim_plus_interfaces/msg/rosidl_typesupport_fastrtps_cpp__visibility_control.h
[3.063s] -- Up-to-date: /home/napassorn/Desktop/FRA501_exam1_6435_6449/install/turtlesim_plus_interfaces/include/turtlesim_plus_interfaces/turtlesim_plus_interfaces/msg/detail
[3.064s] -- Installing: /home/napassorn/Desktop/FRA501_exam1_6435_6449/install/turtlesim_plus_interfaces/include/turtlesim_plus_interfaces/turtlesim_plus_interfaces/msg/detail/scanner_data_array__rosidl_typesupport_fastrtps_cpp.hpp
[3.064s] -- Installing: /home/napassorn/Desktop/FRA501_exam1_6435_6449/install/turtlesim_plus_interfaces/include/turtlesim_plus_interfaces/turtlesim_plus_interfaces/msg/detail/scanner_data__rosidl_typesupport_fastrtps_cpp.hpp
[3.064s] -- Installing: /home/napassorn/Desktop/FRA501_exam1_6435_6449/install/turtlesim_plus_interfaces/include/turtlesim_plus_interfaces/turtlesim_plus_interfaces/msg/detail/dds_fastrtps
[3.064s] -- Up-to-date: /home/napassorn/Desktop/FRA501_exam1_6435_6449/install/turtlesim_plus_interfaces/include/turtlesim_plus_interfaces/turtlesim_plus_interfaces/action
[3.064s] -- Up-to-date: /home/napassorn/Desktop/FRA501_exam1_6435_6449/install/turtlesim_plus_interfaces/include/turtlesim_plus_interfaces/turtlesim_plus_interfaces/action/detail
[3.064s] -- Installing: /home/napassorn/Desktop/FRA501_exam1_6435_6449/install/turtlesim_plus_interfaces/include/turtlesim_plus_interfaces/turtlesim_plus_interfaces/action/detail/get_data__rosidl_typesupport_fastrtps_cpp.hpp
[3.064s] -- Installing: /home/napassorn/Desktop/FRA501_exam1_6435_6449/install/turtlesim_plus_interfaces/include/turtlesim_plus_interfaces/turtlesim_plus_interfaces/action/detail/dds_fastrtps
[3.064s] -- Installing: /home/napassorn/Desktop/FRA501_exam1_6435_6449/install/turtlesim_plus_interfaces/lib/libturtlesim_plus_interfaces__rosidl_typesupport_fastrtps_cpp.so
[3.064s] -- Set runtime path of "/home/napassorn/Desktop/FRA501_exam1_6435_6449/install/turtlesim_plus_interfaces/lib/libturtlesim_plus_interfaces__rosidl_typesupport_fastrtps_cpp.so" to ""
[3.064s] -- Up-to-date: /home/napassorn/Desktop/FRA501_exam1_6435_6449/install/turtlesim_plus_interfaces/include/turtlesim_plus_interfaces/turtlesim_plus_interfaces
[3.064s] -- Up-to-date: /home/napassorn/Desktop/FRA501_exam1_6435_6449/install/turtlesim_plus_interfaces/include/turtlesim_plus_interfaces/turtlesim_plus_interfaces/srv
[3.064s] -- Up-to-date: /home/napassorn/Desktop/FRA501_exam1_6435_6449/install/turtlesim_plus_interfaces/include/turtlesim_plus_interfaces/turtlesim_plus_interfaces/srv/detail
[3.064s] -- Installing: /home/napassorn/Desktop/FRA501_exam1_6435_6449/install/turtlesim_plus_interfaces/include/turtlesim_plus_interfaces/turtlesim_plus_interfaces/srv/detail/give_position__type_support.cpp
[3.064s] -- Installing: /home/napassorn/Desktop/FRA501_exam1_6435_6449/install/turtlesim_plus_interfaces/include/turtlesim_plus_interfaces/turtlesim_plus_interfaces/srv/detail/give_position__rosidl_typesupport_introspection_cpp.hpp
[3.064s] -- Up-to-date: /home/napassorn/Desktop/FRA501_exam1_6435_6449/install/turtlesim_plus_interfaces/include/turtlesim_plus_interfaces/turtlesim_plus_interfaces/msg
[3.064s] -- Up-to-date: /home/napassorn/Desktop/FRA501_exam1_6435_6449/install/turtlesim_plus_interfaces/include/turtlesim_plus_interfaces/turtlesim_plus_interfaces/msg/detail
[3.064s] -- Installing: /home/napassorn/Desktop/FRA501_exam1_6435_6449/install/turtlesim_plus_interfaces/include/turtlesim_plus_interfaces/turtlesim_plus_interfaces/msg/detail/scanner_data__rosidl_typesupport_introspection_cpp.hpp
[3.064s] -- Installing: /home/napassorn/Desktop/FRA501_exam1_6435_6449/install/turtlesim_plus_interfaces/include/turtlesim_plus_interfaces/turtlesim_plus_interfaces/msg/detail/scanner_data__type_support.cpp
[3.064s] -- Installing: /home/napassorn/Desktop/FRA501_exam1_6435_6449/install/turtlesim_plus_interfaces/include/turtlesim_plus_interfaces/turtlesim_plus_interfaces/msg/detail/scanner_data_array__rosidl_typesupport_introspection_cpp.hpp
[3.064s] -- Installing: /home/napassorn/Desktop/FRA501_exam1_6435_6449/install/turtlesim_plus_interfaces/include/turtlesim_plus_interfaces/turtlesim_plus_interfaces/msg/detail/scanner_data_array__type_support.cpp
[3.064s] -- Up-to-date: /home/napassorn/Desktop/FRA501_exam1_6435_6449/install/turtlesim_plus_interfaces/include/turtlesim_plus_interfaces/turtlesim_plus_interfaces/action
[3.064s] -- Up-to-date: /home/napassorn/Desktop/FRA501_exam1_6435_6449/install/turtlesim_plus_interfaces/include/turtlesim_plus_interfaces/turtlesim_plus_interfaces/action/detail
[3.064s] -- Installing: /home/napassorn/Desktop/FRA501_exam1_6435_6449/install/turtlesim_plus_interfaces/include/turtlesim_plus_interfaces/turtlesim_plus_interfaces/action/detail/get_data__type_support.cpp
[3.064s] -- Installing: /home/napassorn/Desktop/FRA501_exam1_6435_6449/install/turtlesim_plus_interfaces/include/turtlesim_plus_interfaces/turtlesim_plus_interfaces/action/detail/get_data__rosidl_typesupport_introspection_cpp.hpp
[3.064s] -- Installing: /home/napassorn/Desktop/FRA501_exam1_6435_6449/install/turtlesim_plus_interfaces/lib/libturtlesim_plus_interfaces__rosidl_typesupport_introspection_cpp.so
[3.064s] -- Set runtime path of "/home/napassorn/Desktop/FRA501_exam1_6435_6449/install/turtlesim_plus_interfaces/lib/libturtlesim_plus_interfaces__rosidl_typesupport_introspection_cpp.so" to ""
[3.064s] -- Installing: /home/napassorn/Desktop/FRA501_exam1_6435_6449/install/turtlesim_plus_interfaces/lib/libturtlesim_plus_interfaces__rosidl_typesupport_cpp.so
[3.064s] -- Set runtime path of "/home/napassorn/Desktop/FRA501_exam1_6435_6449/install/turtlesim_plus_interfaces/lib/libturtlesim_plus_interfaces__rosidl_typesupport_cpp.so" to ""
[3.064s] -- Installing: /home/napassorn/Desktop/FRA501_exam1_6435_6449/install/turtlesim_plus_interfaces/share/turtlesim_plus_interfaces/environment/pythonpath.sh
[3.064s] -- Installing: /home/napassorn/Desktop/FRA501_exam1_6435_6449/install/turtlesim_plus_interfaces/share/turtlesim_plus_interfaces/environment/pythonpath.dsv
[3.064s] -- Installing: /home/napassorn/Desktop/FRA501_exam1_6435_6449/install/turtlesim_plus_interfaces/local/lib/python3.10/dist-packages/turtlesim_plus_interfaces-0.0.0-py3.10.egg-info
[3.064s] -- Installing: /home/napassorn/Desktop/FRA501_exam1_6435_6449/install/turtlesim_plus_interfaces/local/lib/python3.10/dist-packages/turtlesim_plus_interfaces-0.0.0-py3.10.egg-info/PKG-INFO
[3.064s] -- Installing: /home/napassorn/Desktop/FRA501_exam1_6435_6449/install/turtlesim_plus_interfaces/local/lib/python3.10/dist-packages/turtlesim_plus_interfaces-0.0.0-py3.10.egg-info/top_level.txt
[3.064s] -- Installing: /home/napassorn/Desktop/FRA501_exam1_6435_6449/install/turtlesim_plus_interfaces/local/lib/python3.10/dist-packages/turtlesim_plus_interfaces-0.0.0-py3.10.egg-info/SOURCES.txt
[3.065s] -- Installing: /home/napassorn/Desktop/FRA501_exam1_6435_6449/install/turtlesim_plus_interfaces/local/lib/python3.10/dist-packages/turtlesim_plus_interfaces-0.0.0-py3.10.egg-info/dependency_links.txt
[3.065s] -- Installing: /home/napassorn/Desktop/FRA501_exam1_6435_6449/install/turtlesim_plus_interfaces/local/lib/python3.10/dist-packages/turtlesim_plus_interfaces
[3.065s] -- Installing: /home/napassorn/Desktop/FRA501_exam1_6435_6449/install/turtlesim_plus_interfaces/local/lib/python3.10/dist-packages/turtlesim_plus_interfaces/turtlesim_plus_interfaces_s__rosidl_typesupport_c.cpython-310-x86_64-linux-gnu.so
[3.065s] -- Installing: /home/napassorn/Desktop/FRA501_exam1_6435_6449/install/turtlesim_plus_interfaces/local/lib/python3.10/dist-packages/turtlesim_plus_interfaces/srv
[3.065s] -- Installing: /home/napassorn/Desktop/FRA501_exam1_6435_6449/install/turtlesim_plus_interfaces/local/lib/python3.10/dist-packages/turtlesim_plus_interfaces/srv/_give_position.py
[3.065s] -- Installing: /home/napassorn/Desktop/FRA501_exam1_6435_6449/install/turtlesim_plus_interfaces/local/lib/python3.10/dist-packages/turtlesim_plus_interfaces/srv/__init__.py
[3.065s] -- Installing: /home/napassorn/Desktop/FRA501_exam1_6435_6449/install/turtlesim_plus_interfaces/local/lib/python3.10/dist-packages/turtlesim_plus_interfaces/srv/_give_position_s.c
[3.065s] -- Installing: /home/napassorn/Desktop/FRA501_exam1_6435_6449/install/turtlesim_plus_interfaces/local/lib/python3.10/dist-packages/turtlesim_plus_interfaces/msg
[3.065s] -- Installing: /home/napassorn/Desktop/FRA501_exam1_6435_6449/install/turtlesim_plus_interfaces/local/lib/python3.10/dist-packages/turtlesim_plus_interfaces/msg/_scanner_data_array_s.c
[3.065s] -- Installing: /home/napassorn/Desktop/FRA501_exam1_6435_6449/install/turtlesim_plus_interfaces/local/lib/python3.10/dist-packages/turtlesim_plus_interfaces/msg/__init__.py
[3.065s] -- Installing: /home/napassorn/Desktop/FRA501_exam1_6435_6449/install/turtlesim_plus_interfaces/local/lib/python3.10/dist-packages/turtlesim_plus_interfaces/msg/_scanner_data.py
[3.065s] -- Installing: /home/napassorn/Desktop/FRA501_exam1_6435_6449/install/turtlesim_plus_interfaces/local/lib/python3.10/dist-packages/turtlesim_plus_interfaces/msg/_scanner_data_s.c
[3.065s] -- Installing: /home/napassorn/Desktop/FRA501_exam1_6435_6449/install/turtlesim_plus_interfaces/local/lib/python3.10/dist-packages/turtlesim_plus_interfaces/msg/_scanner_data_array.py
[3.065s] -- Installing: /home/napassorn/Desktop/FRA501_exam1_6435_6449/install/turtlesim_plus_interfaces/local/lib/python3.10/dist-packages/turtlesim_plus_interfaces/_turtlesim_plus_interfaces_s.ep.rosidl_typesupport_fastrtps_c.c
[3.065s] -- Installing: /home/napassorn/Desktop/FRA501_exam1_6435_6449/install/turtlesim_plus_interfaces/local/lib/python3.10/dist-packages/turtlesim_plus_interfaces/_turtlesim_plus_interfaces_s.ep.rosidl_typesupport_introspection_c.c
[3.065s] -- Installing: /home/napassorn/Desktop/FRA501_exam1_6435_6449/install/turtlesim_plus_interfaces/local/lib/python3.10/dist-packages/turtlesim_plus_interfaces/libturtlesim_plus_interfaces__rosidl_generator_py.so
[3.065s] -- Installing: /home/napassorn/Desktop/FRA501_exam1_6435_6449/install/turtlesim_plus_interfaces/local/lib/python3.10/dist-packages/turtlesim_plus_interfaces/__init__.py
[3.065s] -- Installing: /home/napassorn/Desktop/FRA501_exam1_6435_6449/install/turtlesim_plus_interfaces/local/lib/python3.10/dist-packages/turtlesim_plus_interfaces/turtlesim_plus_interfaces_s__rosidl_typesupport_introspection_c.cpython-310-x86_64-linux-gnu.so
[3.065s] -- Installing: /home/napassorn/Desktop/FRA501_exam1_6435_6449/install/turtlesim_plus_interfaces/local/lib/python3.10/dist-packages/turtlesim_plus_interfaces/action
[3.065s] -- Installing: /home/napassorn/Desktop/FRA501_exam1_6435_6449/install/turtlesim_plus_interfaces/local/lib/python3.10/dist-packages/turtlesim_plus_interfaces/action/_get_data.py
[3.065s] -- Installing: /home/napassorn/Desktop/FRA501_exam1_6435_6449/install/turtlesim_plus_interfaces/local/lib/python3.10/dist-packages/turtlesim_plus_interfaces/action/_get_data_s.c
[3.065s] -- Installing: /home/napassorn/Desktop/FRA501_exam1_6435_6449/install/turtlesim_plus_interfaces/local/lib/python3.10/dist-packages/turtlesim_plus_interfaces/action/__init__.py
[3.065s] -- Installing: /home/napassorn/Desktop/FRA501_exam1_6435_6449/install/turtlesim_plus_interfaces/local/lib/python3.10/dist-packages/turtlesim_plus_interfaces/turtlesim_plus_interfaces_s__rosidl_typesupport_fastrtps_c.cpython-310-x86_64-linux-gnu.so
[3.065s] -- Installing: /home/napassorn/Desktop/FRA501_exam1_6435_6449/install/turtlesim_plus_interfaces/local/lib/python3.10/dist-packages/turtlesim_plus_interfaces/_turtlesim_plus_interfaces_s.ep.rosidl_typesupport_c.c
[3.093s] Listing '/home/napassorn/Desktop/FRA501_exam1_6435_6449/install/turtlesim_plus_interfaces/local/lib/python3.10/dist-packages/turtlesim_plus_interfaces'...
[3.093s] Compiling '/home/napassorn/Desktop/FRA501_exam1_6435_6449/install/turtlesim_plus_interfaces/local/lib/python3.10/dist-packages/turtlesim_plus_interfaces/__init__.py'...
[3.093s] Listing '/home/napassorn/Desktop/FRA501_exam1_6435_6449/install/turtlesim_plus_interfaces/local/lib/python3.10/dist-packages/turtlesim_plus_interfaces/action'...
[3.093s] Compiling '/home/napassorn/Desktop/FRA501_exam1_6435_6449/install/turtlesim_plus_interfaces/local/lib/python3.10/dist-packages/turtlesim_plus_interfaces/action/__init__.py'...
[3.093s] Compiling '/home/napassorn/Desktop/FRA501_exam1_6435_6449/install/turtlesim_plus_interfaces/local/lib/python3.10/dist-packages/turtlesim_plus_interfaces/action/_get_data.py'...
[3.093s] Listing '/home/napassorn/Desktop/FRA501_exam1_6435_6449/install/turtlesim_plus_interfaces/local/lib/python3.10/dist-packages/turtlesim_plus_interfaces/msg'...
[3.093s] Compiling '/home/napassorn/Desktop/FRA501_exam1_6435_6449/install/turtlesim_plus_interfaces/local/lib/python3.10/dist-packages/turtlesim_plus_interfaces/msg/__init__.py'...
[3.093s] Compiling '/home/napassorn/Desktop/FRA501_exam1_6435_6449/install/turtlesim_plus_interfaces/local/lib/python3.10/dist-packages/turtlesim_plus_interfaces/msg/_scanner_data.py'...
[3.093s] Compiling '/home/napassorn/Desktop/FRA501_exam1_6435_6449/install/turtlesim_plus_interfaces/local/lib/python3.10/dist-packages/turtlesim_plus_interfaces/msg/_scanner_data_array.py'...
[3.093s] Listing '/home/napassorn/Desktop/FRA501_exam1_6435_6449/install/turtlesim_plus_interfaces/local/lib/python3.10/dist-packages/turtlesim_plus_interfaces/srv'...
[3.093s] Compiling '/home/napassorn/Desktop/FRA501_exam1_6435_6449/install/turtlesim_plus_interfaces/local/lib/python3.10/dist-packages/turtlesim_plus_interfaces/srv/__init__.py'...
[3.093s] Compiling '/home/napassorn/Desktop/FRA501_exam1_6435_6449/install/turtlesim_plus_interfaces/local/lib/python3.10/dist-packages/turtlesim_plus_interfaces/srv/_give_position.py'...
[3.096s] -- Installing: /home/napassorn/Desktop/FRA501_exam1_6435_6449/install/turtlesim_plus_interfaces/local/lib/python3.10/dist-packages/turtlesim_plus_interfaces/turtlesim_plus_interfaces_s__rosidl_typesupport_fastrtps_c.cpython-310-x86_64-linux-gnu.so
[3.096s] -- Set runtime path of "/home/napassorn/Desktop/FRA501_exam1_6435_6449/install/turtlesim_plus_interfaces/local/lib/python3.10/dist-packages/turtlesim_plus_interfaces/turtlesim_plus_interfaces_s__rosidl_typesupport_fastrtps_c.cpython-310-x86_64-linux-gnu.so" to ""
[3.096s] -- Installing: /home/napassorn/Desktop/FRA501_exam1_6435_6449/install/turtlesim_plus_interfaces/local/lib/python3.10/dist-packages/turtlesim_plus_interfaces/turtlesim_plus_interfaces_s__rosidl_typesupport_introspection_c.cpython-310-x86_64-linux-gnu.so
[3.096s] -- Set runtime path of "/home/napassorn/Desktop/FRA501_exam1_6435_6449/install/turtlesim_plus_interfaces/local/lib/python3.10/dist-packages/turtlesim_plus_interfaces/turtlesim_plus_interfaces_s__rosidl_typesupport_introspection_c.cpython-310-x86_64-linux-gnu.so" to ""
[3.097s] -- Installing: /home/napassorn/Desktop/FRA501_exam1_6435_6449/install/turtlesim_plus_interfaces/local/lib/python3.10/dist-packages/turtlesim_plus_interfaces/turtlesim_plus_interfaces_s__rosidl_typesupport_c.cpython-310-x86_64-linux-gnu.so
[3.097s] -- Set runtime path of "/home/napassorn/Desktop/FRA501_exam1_6435_6449/install/turtlesim_plus_interfaces/local/lib/python3.10/dist-packages/turtlesim_plus_interfaces/turtlesim_plus_interfaces_s__rosidl_typesupport_c.cpython-310-x86_64-linux-gnu.so" to ""
[3.097s] -- Installing: /home/napassorn/Desktop/FRA501_exam1_6435_6449/install/turtlesim_plus_interfaces/lib/libturtlesim_plus_interfaces__rosidl_generator_py.so
[3.097s] -- Set runtime path of "/home/napassorn/Desktop/FRA501_exam1_6435_6449/install/turtlesim_plus_interfaces/lib/libturtlesim_plus_interfaces__rosidl_generator_py.so" to ""
[3.097s] -- Installing: /home/napassorn/Desktop/FRA501_exam1_6435_6449/install/turtlesim_plus_interfaces/share/turtlesim_plus_interfaces/msg/ScannerData.idl
[3.097s] -- Installing: /home/napassorn/Desktop/FRA501_exam1_6435_6449/install/turtlesim_plus_interfaces/share/turtlesim_plus_interfaces/msg/ScannerDataArray.idl
[3.097s] -- Installing: /home/napassorn/Desktop/FRA501_exam1_6435_6449/install/turtlesim_plus_interfaces/share/turtlesim_plus_interfaces/srv/GivePosition.idl
[3.097s] -- Installing: /home/napassorn/Desktop/FRA501_exam1_6435_6449/install/turtlesim_plus_interfaces/share/turtlesim_plus_interfaces/action/GetData.idl
[3.098s] -- Installing: /home/napassorn/Desktop/FRA501_exam1_6435_6449/install/turtlesim_plus_interfaces/share/turtlesim_plus_interfaces/msg/ScannerData.msg
[3.098s] -- Installing: /home/napassorn/Desktop/FRA501_exam1_6435_6449/install/turtlesim_plus_interfaces/share/turtlesim_plus_interfaces/msg/ScannerDataArray.msg
[3.098s] -- Installing: /home/napassorn/Desktop/FRA501_exam1_6435_6449/install/turtlesim_plus_interfaces/share/turtlesim_plus_interfaces/srv/GivePosition.srv
[3.098s] -- Installing: /home/napassorn/Desktop/FRA501_exam1_6435_6449/install/turtlesim_plus_interfaces/share/turtlesim_plus_interfaces/srv/GivePosition_Request.msg
[3.098s] -- Installing: /home/napassorn/Desktop/FRA501_exam1_6435_6449/install/turtlesim_plus_interfaces/share/turtlesim_plus_interfaces/srv/GivePosition_Response.msg
[3.098s] -- Installing: /home/napassorn/Desktop/FRA501_exam1_6435_6449/install/turtlesim_plus_interfaces/share/turtlesim_plus_interfaces/action/GetData.action
[3.098s] -- Installing: /home/napassorn/Desktop/FRA501_exam1_6435_6449/install/turtlesim_plus_interfaces/share/ament_index/resource_index/package_run_dependencies/turtlesim_plus_interfaces
[3.098s] -- Installing: /home/napassorn/Desktop/FRA501_exam1_6435_6449/install/turtlesim_plus_interfaces/share/ament_index/resource_index/parent_prefix_path/turtlesim_plus_interfaces
[3.098s] -- Installing: /home/napassorn/Desktop/FRA501_exam1_6435_6449/install/turtlesim_plus_interfaces/share/turtlesim_plus_interfaces/environment/ament_prefix_path.sh
[3.098s] -- Installing: /home/napassorn/Desktop/FRA501_exam1_6435_6449/install/turtlesim_plus_interfaces/share/turtlesim_plus_interfaces/environment/ament_prefix_path.dsv
[3.098s] -- Installing: /home/napassorn/Desktop/FRA501_exam1_6435_6449/install/turtlesim_plus_interfaces/share/turtlesim_plus_interfaces/environment/path.sh
[3.098s] -- Installing: /home/napassorn/Desktop/FRA501_exam1_6435_6449/install/turtlesim_plus_interfaces/share/turtlesim_plus_interfaces/environment/path.dsv
[3.098s] -- Installing: /home/napassorn/Desktop/FRA501_exam1_6435_6449/install/turtlesim_plus_interfaces/share/turtlesim_plus_interfaces/local_setup.bash
[3.098s] -- Installing: /home/napassorn/Desktop/FRA501_exam1_6435_6449/install/turtlesim_plus_interfaces/share/turtlesim_plus_interfaces/local_setup.sh
[3.099s] -- Installing: /home/napassorn/Desktop/FRA501_exam1_6435_6449/install/turtlesim_plus_interfaces/share/turtlesim_plus_interfaces/local_setup.zsh
[3.099s] -- Installing: /home/napassorn/Desktop/FRA501_exam1_6435_6449/install/turtlesim_plus_interfaces/share/turtlesim_plus_interfaces/local_setup.dsv
[3.099s] -- Installing: /home/napassorn/Desktop/FRA501_exam1_6435_6449/install/turtlesim_plus_interfaces/share/turtlesim_plus_interfaces/package.dsv
[3.099s] -- Installing: /home/napassorn/Desktop/FRA501_exam1_6435_6449/install/turtlesim_plus_interfaces/share/ament_index/resource_index/packages/turtlesim_plus_interfaces
[3.099s] -- Installing: /home/napassorn/Desktop/FRA501_exam1_6435_6449/install/turtlesim_plus_interfaces/share/turtlesim_plus_interfaces/cmake/export_turtlesim_plus_interfaces__rosidl_generator_cExport.cmake
[3.099s] -- Installing: /home/napassorn/Desktop/FRA501_exam1_6435_6449/install/turtlesim_plus_interfaces/share/turtlesim_plus_interfaces/cmake/export_turtlesim_plus_interfaces__rosidl_generator_cExport-noconfig.cmake
[3.099s] -- Installing: /home/napassorn/Desktop/FRA501_exam1_6435_6449/install/turtlesim_plus_interfaces/share/turtlesim_plus_interfaces/cmake/export_turtlesim_plus_interfaces__rosidl_typesupport_fastrtps_cExport.cmake
[3.099s] -- Installing: /home/napassorn/Desktop/FRA501_exam1_6435_6449/install/turtlesim_plus_interfaces/share/turtlesim_plus_interfaces/cmake/export_turtlesim_plus_interfaces__rosidl_typesupport_fastrtps_cExport-noconfig.cmake
[3.099s] -- Installing: /home/napassorn/Desktop/FRA501_exam1_6435_6449/install/turtlesim_plus_interfaces/share/turtlesim_plus_interfaces/cmake/turtlesim_plus_interfaces__rosidl_typesupport_introspection_cExport.cmake
[3.099s] -- Installing: /home/napassorn/Desktop/FRA501_exam1_6435_6449/install/turtlesim_plus_interfaces/share/turtlesim_plus_interfaces/cmake/turtlesim_plus_interfaces__rosidl_typesupport_introspection_cExport-noconfig.cmake
[3.099s] -- Installing: /home/napassorn/Desktop/FRA501_exam1_6435_6449/install/turtlesim_plus_interfaces/share/turtlesim_plus_interfaces/cmake/turtlesim_plus_interfaces__rosidl_typesupport_cExport.cmake
[3.099s] -- Installing: /home/napassorn/Desktop/FRA501_exam1_6435_6449/install/turtlesim_plus_interfaces/share/turtlesim_plus_interfaces/cmake/turtlesim_plus_interfaces__rosidl_typesupport_cExport-noconfig.cmake
[3.099s] -- Installing: /home/napassorn/Desktop/FRA501_exam1_6435_6449/install/turtlesim_plus_interfaces/share/turtlesim_plus_interfaces/cmake/export_turtlesim_plus_interfaces__rosidl_generator_cppExport.cmake
[3.099s] -- Installing: /home/napassorn/Desktop/FRA501_exam1_6435_6449/install/turtlesim_plus_interfaces/share/turtlesim_plus_interfaces/cmake/export_turtlesim_plus_interfaces__rosidl_typesupport_fastrtps_cppExport.cmake
[3.099s] -- Installing: /home/napassorn/Desktop/FRA501_exam1_6435_6449/install/turtlesim_plus_interfaces/share/turtlesim_plus_interfaces/cmake/export_turtlesim_plus_interfaces__rosidl_typesupport_fastrtps_cppExport-noconfig.cmake
[3.099s] -- Installing: /home/napassorn/Desktop/FRA501_exam1_6435_6449/install/turtlesim_plus_interfaces/share/turtlesim_plus_interfaces/cmake/turtlesim_plus_interfaces__rosidl_typesupport_introspection_cppExport.cmake
[3.099s] -- Installing: /home/napassorn/Desktop/FRA501_exam1_6435_6449/install/turtlesim_plus_interfaces/share/turtlesim_plus_interfaces/cmake/turtlesim_plus_interfaces__rosidl_typesupport_introspection_cppExport-noconfig.cmake
[3.099s] -- Installing: /home/napassorn/Desktop/FRA501_exam1_6435_6449/install/turtlesim_plus_interfaces/share/turtlesim_plus_interfaces/cmake/turtlesim_plus_interfaces__rosidl_typesupport_cppExport.cmake
[3.099s] -- Installing: /home/napassorn/Desktop/FRA501_exam1_6435_6449/install/turtlesim_plus_interfaces/share/turtlesim_plus_interfaces/cmake/turtlesim_plus_interfaces__rosidl_typesupport_cppExport-noconfig.cmake
[3.099s] -- Installing: /home/napassorn/Desktop/FRA501_exam1_6435_6449/install/turtlesim_plus_interfaces/share/turtlesim_plus_interfaces/cmake/export_turtlesim_plus_interfaces__rosidl_generator_pyExport.cmake
[3.099s] -- Installing: /home/napassorn/Desktop/FRA501_exam1_6435_6449/install/turtlesim_plus_interfaces/share/turtlesim_plus_interfaces/cmake/export_turtlesim_plus_interfaces__rosidl_generator_pyExport-noconfig.cmake
[3.099s] -- Installing: /home/napassorn/Desktop/FRA501_exam1_6435_6449/install/turtlesim_plus_interfaces/share/turtlesim_plus_interfaces/cmake/rosidl_cmake-extras.cmake
[3.099s] -- Installing: /home/napassorn/Desktop/FRA501_exam1_6435_6449/install/turtlesim_plus_interfaces/share/turtlesim_plus_interfaces/cmake/ament_cmake_export_dependencies-extras.cmake
[3.100s] -- Installing: /home/napassorn/Desktop/FRA501_exam1_6435_6449/install/turtlesim_plus_interfaces/share/turtlesim_plus_interfaces/cmake/ament_cmake_export_include_directories-extras.cmake
[3.100s] -- Installing: /home/napassorn/Desktop/FRA501_exam1_6435_6449/install/turtlesim_plus_interfaces/share/turtlesim_plus_interfaces/cmake/ament_cmake_export_libraries-extras.cmake
[3.100s] -- Installing: /home/napassorn/Desktop/FRA501_exam1_6435_6449/install/turtlesim_plus_interfaces/share/turtlesim_plus_interfaces/cmake/ament_cmake_export_targets-extras.cmake
[3.100s] -- Installing: /home/napassorn/Desktop/FRA501_exam1_6435_6449/install/turtlesim_plus_interfaces/share/turtlesim_plus_interfaces/cmake/rosidl_cmake_export_typesupport_targets-extras.cmake
[3.100s] -- Installing: /home/napassorn/Desktop/FRA501_exam1_6435_6449/install/turtlesim_plus_interfaces/share/turtlesim_plus_interfaces/cmake/rosidl_cmake_export_typesupport_libraries-extras.cmake
[3.100s] -- Installing: /home/napassorn/Desktop/FRA501_exam1_6435_6449/install/turtlesim_plus_interfaces/share/turtlesim_plus_interfaces/cmake/turtlesim_plus_interfacesConfig.cmake
[3.100s] -- Installing: /home/napassorn/Desktop/FRA501_exam1_6435_6449/install/turtlesim_plus_interfaces/share/turtlesim_plus_interfaces/cmake/turtlesim_plus_interfacesConfig-version.cmake
[3.100s] -- Installing: /home/napassorn/Desktop/FRA501_exam1_6435_6449/install/turtlesim_plus_interfaces/share/turtlesim_plus_interfaces/package.xml
[3.102s] Invoked command in '/home/napassorn/Desktop/FRA501_exam1_6435_6449/build/turtlesim_plus_interfaces' returned '0': CMAKE_PREFIX_PATH=${CMAKE_PREFIX_PATH}:/opt/ros/humble /usr/bin/cmake --install /home/napassorn/Desktop/FRA501_exam1_6435_6449/build/turtlesim_plus_interfaces
