-- The C compiler identification is GNU 11.4.0
-- The CXX compiler identification is GNU 11.4.0
-- Detecting C compiler ABI info
-- Detecting C compiler ABI info - done
-- Check for working C compiler: /usr/bin/cc - skipped
-- Detecting C compile features
-- Detecting C compile features - done
-- Detecting CXX compiler ABI info
-- Detecting CXX compiler ABI info - done
-- Check for working CXX compiler: /usr/bin/c++ - skipped
-- Detecting CXX compile features
-- Detecting CXX compile features - done
-- Found ament_cmake: 1.3.5 (/opt/ros/humble/share/ament_cmake/cmake)
-- Found Python3: /usr/bin/python3.10 (found version "3.10.12") found components: Interpreter 
-- Found rclcpp: 16.0.5 (/opt/ros/humble/share/rclcpp/cmake)
-- Found rosidl_generator_c: 3.1.5 (/opt/ros/humble/share/rosidl_generator_c/cmake)
-- Found rosidl_adapter: 3.1.5 (/opt/ros/humble/share/rosidl_adapter/cmake)
-- Found rosidl_generator_cpp: 3.1.5 (/opt/ros/humble/share/rosidl_generator_cpp/cmake)
-- Using all available rosidl_typesupport_c: rosidl_typesupport_fastrtps_c;rosidl_typesupport_introspection_c
-- Using all available rosidl_typesupport_cpp: rosidl_typesupport_fastrtps_cpp;rosidl_typesupport_introspection_cpp
-- Found rmw_implementation_cmake: 6.1.1 (/opt/ros/humble/share/rmw_implementation_cmake/cmake)
-- Found rmw_fastrtps_cpp: 6.2.3 (/opt/ros/humble/share/rmw_fastrtps_cpp/cmake)
-- Found OpenSSL: /usr/lib/x86_64-linux-gnu/libcrypto.so (found version "3.0.2")  
-- Found FastRTPS: /opt/ros/humble/include  
-- Using RMW implementation 'rmw_fastrtps_cpp' as default
-- Looking for pthread.h
-- Looking for pthread.h - found
-- Performing Test CMAKE_HAVE_LIBC_PTHREAD
-- Performing Test CMAKE_HAVE_LIBC_PTHREAD - Success
-- Found Threads: TRUE  
-- Found rclpy: 3.3.9 (/opt/ros/humble/share/rclpy/cmake)
-- Configuring done
-- Generating done
-- Build files have been written to: /home/napassorn/Desktop/FRA501_exam1_6435_6449/build/turtlesim_plus
Built target ament_cmake_python_copy_turtlesim_plus
running egg_info
creating turtlesim_plus.egg-info
writing turtlesim_plus.egg-info/PKG-INFO
writing dependency_links to turtlesim_plus.egg-info/dependency_links.txt
writing top-level names to turtlesim_plus.egg-info/top_level.txt
writing manifest file 'turtlesim_plus.egg-info/SOURCES.txt'
reading manifest file 'turtlesim_plus.egg-info/SOURCES.txt'
writing manifest file 'turtlesim_plus.egg-info/SOURCES.txt'
Built target ament_cmake_python_build_turtlesim_plus_egg
-- Install configuration: ""
-- Installing: /home/napassorn/Desktop/FRA501_exam1_6435_6449/install/turtlesim_plus/share/turtlesim_plus/environment/pythonpath.sh
-- Installing: /home/napassorn/Desktop/FRA501_exam1_6435_6449/install/turtlesim_plus/share/turtlesim_plus/environment/pythonpath.dsv
-- Installing: /home/napassorn/Desktop/FRA501_exam1_6435_6449/install/turtlesim_plus/local/lib/python3.10/dist-packages/turtlesim_plus-1.0.0-py3.10.egg-info
-- Installing: /home/napassorn/Desktop/FRA501_exam1_6435_6449/install/turtlesim_plus/local/lib/python3.10/dist-packages/turtlesim_plus-1.0.0-py3.10.egg-info/PKG-INFO
-- Installing: /home/napassorn/Desktop/FRA501_exam1_6435_6449/install/turtlesim_plus/local/lib/python3.10/dist-packages/turtlesim_plus-1.0.0-py3.10.egg-info/top_level.txt
-- Installing: /home/napassorn/Desktop/FRA501_exam1_6435_6449/install/turtlesim_plus/local/lib/python3.10/dist-packages/turtlesim_plus-1.0.0-py3.10.egg-info/SOURCES.txt
-- Installing: /home/napassorn/Desktop/FRA501_exam1_6435_6449/install/turtlesim_plus/local/lib/python3.10/dist-packages/turtlesim_plus-1.0.0-py3.10.egg-info/dependency_links.txt
-- Installing: /home/napassorn/Desktop/FRA501_exam1_6435_6449/install/turtlesim_plus/local/lib/python3.10/dist-packages/turtlesim_plus
-- Installing: /home/napassorn/Desktop/FRA501_exam1_6435_6449/install/turtlesim_plus/local/lib/python3.10/dist-packages/turtlesim_plus/ros2_plugins.py
-- Installing: /home/napassorn/Desktop/FRA501_exam1_6435_6449/install/turtlesim_plus/local/lib/python3.10/dist-packages/turtlesim_plus/entity.py
-- Installing: /home/napassorn/Desktop/FRA501_exam1_6435_6449/install/turtlesim_plus/local/lib/python3.10/dist-packages/turtlesim_plus/image
-- Installing: /home/napassorn/Desktop/FRA501_exam1_6435_6449/install/turtlesim_plus/local/lib/python3.10/dist-packages/turtlesim_plus/image/object
-- Installing: /home/napassorn/Desktop/FRA501_exam1_6435_6449/install/turtlesim_plus/local/lib/python3.10/dist-packages/turtlesim_plus/image/object/parcel.png
-- Installing: /home/napassorn/Desktop/FRA501_exam1_6435_6449/install/turtlesim_plus/local/lib/python3.10/dist-packages/turtlesim_plus/image/object/pizza.png
-- Installing: /home/napassorn/Desktop/FRA501_exam1_6435_6449/install/turtlesim_plus/local/lib/python3.10/dist-packages/turtlesim_plus/image/turtle
-- Installing: /home/napassorn/Desktop/FRA501_exam1_6435_6449/install/turtlesim_plus/local/lib/python3.10/dist-packages/turtlesim_plus/image/turtle/foxy.png
-- Installing: /home/napassorn/Desktop/FRA501_exam1_6435_6449/install/turtlesim_plus/local/lib/python3.10/dist-packages/turtlesim_plus/image/turtle/crystal.png
-- Installing: /home/napassorn/Desktop/FRA501_exam1_6435_6449/install/turtlesim_plus/local/lib/python3.10/dist-packages/turtlesim_plus/image/turtle/ardent.png
-- Installing: /home/napassorn/Desktop/FRA501_exam1_6435_6449/install/turtlesim_plus/local/lib/python3.10/dist-packages/turtlesim_plus/image/turtle/humble.png
-- Installing: /home/napassorn/Desktop/FRA501_exam1_6435_6449/install/turtlesim_plus/local/lib/python3.10/dist-packages/turtlesim_plus/image/turtle/dashing.png
-- Installing: /home/napassorn/Desktop/FRA501_exam1_6435_6449/install/turtlesim_plus/local/lib/python3.10/dist-packages/turtlesim_plus/image/turtle/eloquent.png
-- Installing: /home/napassorn/Desktop/FRA501_exam1_6435_6449/install/turtlesim_plus/local/lib/python3.10/dist-packages/turtlesim_plus/image/turtle/galactic.png
-- Installing: /home/napassorn/Desktop/FRA501_exam1_6435_6449/install/turtlesim_plus/local/lib/python3.10/dist-packages/turtlesim_plus/image/turtle/otto.png
-- Installing: /home/napassorn/Desktop/FRA501_exam1_6435_6449/install/turtlesim_plus/local/lib/python3.10/dist-packages/turtlesim_plus/image/turtle/bouncy.png
-- Installing: /home/napassorn/Desktop/FRA501_exam1_6435_6449/install/turtlesim_plus/local/lib/python3.10/dist-packages/turtlesim_plus/image/turtle/rolling.png
-- Installing: /home/napassorn/Desktop/FRA501_exam1_6435_6449/install/turtlesim_plus/local/lib/python3.10/dist-packages/turtlesim_plus/image/map
-- Installing: /home/napassorn/Desktop/FRA501_exam1_6435_6449/install/turtlesim_plus/local/lib/python3.10/dist-packages/turtlesim_plus/image/map/map.png
-- Installing: /home/napassorn/Desktop/FRA501_exam1_6435_6449/install/turtlesim_plus/local/lib/python3.10/dist-packages/turtlesim_plus/__init__.py
Listing '/home/napassorn/Desktop/FRA501_exam1_6435_6449/install/turtlesim_plus/local/lib/python3.10/dist-packages/turtlesim_plus'...
Compiling '/home/napassorn/Desktop/FRA501_exam1_6435_6449/install/turtlesim_plus/local/lib/python3.10/dist-packages/turtlesim_plus/__init__.py'...
Compiling '/home/napassorn/Desktop/FRA501_exam1_6435_6449/install/turtlesim_plus/local/lib/python3.10/dist-packages/turtlesim_plus/entity.py'...
Listing '/home/napassorn/Desktop/FRA501_exam1_6435_6449/install/turtlesim_plus/local/lib/python3.10/dist-packages/turtlesim_plus/image'...
Listing '/home/napassorn/Desktop/FRA501_exam1_6435_6449/install/turtlesim_plus/local/lib/python3.10/dist-packages/turtlesim_plus/image/map'...
Listing '/home/napassorn/Desktop/FRA501_exam1_6435_6449/install/turtlesim_plus/local/lib/python3.10/dist-packages/turtlesim_plus/image/object'...
Listing '/home/napassorn/Desktop/FRA501_exam1_6435_6449/install/turtlesim_plus/local/lib/python3.10/dist-packages/turtlesim_plus/image/turtle'...
Compiling '/home/napassorn/Desktop/FRA501_exam1_6435_6449/install/turtlesim_plus/local/lib/python3.10/dist-packages/turtlesim_plus/ros2_plugins.py'...
-- Installing: /home/napassorn/Desktop/FRA501_exam1_6435_6449/install/turtlesim_plus/lib/turtlesim_plus/turtlesim_plus_node.py
-- Installing: /home/napassorn/Desktop/FRA501_exam1_6435_6449/install/turtlesim_plus/lib/turtlesim_plus/pizza_on_click.py
-- Up-to-date: /home/napassorn/Desktop/FRA501_exam1_6435_6449/install/turtlesim_plus/share/turtlesim_plus
-- Installing: /home/napassorn/Desktop/FRA501_exam1_6435_6449/install/turtlesim_plus/share/ament_index/resource_index/package_run_dependencies/turtlesim_plus
-- Installing: /home/napassorn/Desktop/FRA501_exam1_6435_6449/install/turtlesim_plus/share/ament_index/resource_index/parent_prefix_path/turtlesim_plus
-- Installing: /home/napassorn/Desktop/FRA501_exam1_6435_6449/install/turtlesim_plus/share/turtlesim_plus/environment/ament_prefix_path.sh
-- Installing: /home/napassorn/Desktop/FRA501_exam1_6435_6449/install/turtlesim_plus/share/turtlesim_plus/environment/ament_prefix_path.dsv
-- Installing: /home/napassorn/Desktop/FRA501_exam1_6435_6449/install/turtlesim_plus/share/turtlesim_plus/environment/path.sh
-- Installing: /home/napassorn/Desktop/FRA501_exam1_6435_6449/install/turtlesim_plus/share/turtlesim_plus/environment/path.dsv
-- Installing: /home/napassorn/Desktop/FRA501_exam1_6435_6449/install/turtlesim_plus/share/turtlesim_plus/local_setup.bash
-- Installing: /home/napassorn/Desktop/FRA501_exam1_6435_6449/install/turtlesim_plus/share/turtlesim_plus/local_setup.sh
-- Installing: /home/napassorn/Desktop/FRA501_exam1_6435_6449/install/turtlesim_plus/share/turtlesim_plus/local_setup.zsh
-- Installing: /home/napassorn/Desktop/FRA501_exam1_6435_6449/install/turtlesim_plus/share/turtlesim_plus/local_setup.dsv
-- Installing: /home/napassorn/Desktop/FRA501_exam1_6435_6449/install/turtlesim_plus/share/turtlesim_plus/package.dsv
-- Installing: /home/napassorn/Desktop/FRA501_exam1_6435_6449/install/turtlesim_plus/share/ament_index/resource_index/packages/turtlesim_plus
-- Installing: /home/napassorn/Desktop/FRA501_exam1_6435_6449/install/turtlesim_plus/share/turtlesim_plus/cmake/turtlesim_plusConfig.cmake
-- Installing: /home/napassorn/Desktop/FRA501_exam1_6435_6449/install/turtlesim_plus/share/turtlesim_plus/cmake/turtlesim_plusConfig-version.cmake
-- Installing: /home/napassorn/Desktop/FRA501_exam1_6435_6449/install/turtlesim_plus/share/turtlesim_plus/package.xml
