[0.011s] Invoking command in '/home/napassorn/Desktop/FRA501_exam1_6435_6449/build/turtlesim_plus': CMAKE_PREFIX_PATH=${CMAKE_PREFIX_PATH}:/opt/ros/humble /usr/bin/cmake /home/napassorn/Desktop/FRA501_exam1_6435_6449/src/turtlesim_plus/turtlesim_plus -DCMAKE_INSTALL_PREFIX=/home/napassorn/Desktop/FRA501_exam1_6435_6449/install/turtlesim_plus
[0.078s] -- The C compiler identification is GNU 11.4.0
[0.163s] -- The CXX compiler identification is GNU 11.4.0
[0.170s] -- Detecting C compiler ABI info
[0.210s] -- Detecting C compiler ABI info - done
[0.214s] -- Check for working C compiler: /usr/bin/cc - skipped
[0.214s] -- Detecting C compile features
[0.215s] -- Detecting C compile features - done
[0.218s] -- Detecting CXX compiler ABI info
[0.261s] -- Detecting CXX compiler ABI info - done
[0.266s] -- Check for working CXX compiler: /usr/bin/c++ - skipped
[0.266s] -- Detecting CXX compile features
[0.266s] -- Detecting CXX compile features - done
[0.271s] -- Found ament_cmake: 1.3.5 (/opt/ros/humble/share/ament_cmake/cmake)
[0.381s] -- Found Python3: /usr/bin/python3.10 (found version "3.10.12") found components: Interpreter 
[0.448s] -- Found rclcpp: 16.0.5 (/opt/ros/humble/share/rclcpp/cmake)
[0.481s] -- Found rosidl_generator_c: 3.1.5 (/opt/ros/humble/share/rosidl_generator_c/cmake)
[0.485s] -- Found rosidl_adapter: 3.1.5 (/opt/ros/humble/share/rosidl_adapter/cmake)
[0.493s] -- Found rosidl_generator_cpp: 3.1.5 (/opt/ros/humble/share/rosidl_generator_cpp/cmake)
[0.503s] -- Using all available rosidl_typesupport_c: rosidl_typesupport_fastrtps_c;rosidl_typesupport_introspection_c
[0.517s] -- Using all available rosidl_typesupport_cpp: rosidl_typesupport_fastrtps_cpp;rosidl_typesupport_introspection_cpp
[0.565s] -- Found rmw_implementation_cmake: 6.1.1 (/opt/ros/humble/share/rmw_implementation_cmake/cmake)
[0.567s] -- Found rmw_fastrtps_cpp: 6.2.3 (/opt/ros/humble/share/rmw_fastrtps_cpp/cmake)
[0.631s] -- Found OpenSSL: /usr/lib/x86_64-linux-gnu/libcrypto.so (found version "3.0.2")  
[0.647s] -- Found FastRTPS: /opt/ros/humble/include  
[0.674s] -- Using RMW implementation 'rmw_fastrtps_cpp' as default
[0.682s] -- Looking for pthread.h
[0.726s] -- Looking for pthread.h - found
[0.726s] -- Performing Test CMAKE_HAVE_LIBC_PTHREAD
[0.767s] -- Performing Test CMAKE_HAVE_LIBC_PTHREAD - Success
[0.768s] -- Found Threads: TRUE  
[0.866s] -- Found rclpy: 3.3.9 (/opt/ros/humble/share/rclpy/cmake)
[0.953s] -- Configuring done
[0.955s] -- Generating done
[0.956s] -- Build files have been written to: /home/napassorn/Desktop/FRA501_exam1_6435_6449/build/turtlesim_plus
[0.961s] Invoked command in '/home/napassorn/Desktop/FRA501_exam1_6435_6449/build/turtlesim_plus' returned '0': CMAKE_PREFIX_PATH=${CMAKE_PREFIX_PATH}:/opt/ros/humble /usr/bin/cmake /home/napassorn/Desktop/FRA501_exam1_6435_6449/src/turtlesim_plus/turtlesim_plus -DCMAKE_INSTALL_PREFIX=/home/napassorn/Desktop/FRA501_exam1_6435_6449/install/turtlesim_plus
[0.962s] Invoking command in '/home/napassorn/Desktop/FRA501_exam1_6435_6449/build/turtlesim_plus': CMAKE_PREFIX_PATH=${CMAKE_PREFIX_PATH}:/opt/ros/humble /usr/bin/cmake --build /home/napassorn/Desktop/FRA501_exam1_6435_6449/build/turtlesim_plus -- -j20 -l20
[0.994s] Built target ament_cmake_python_copy_turtlesim_plus
[1.125s] running egg_info
[1.125s] creating turtlesim_plus.egg-info
[1.125s] writing turtlesim_plus.egg-info/PKG-INFO
[1.125s] writing dependency_links to turtlesim_plus.egg-info/dependency_links.txt
[1.126s] writing top-level names to turtlesim_plus.egg-info/top_level.txt
[1.126s] writing manifest file 'turtlesim_plus.egg-info/SOURCES.txt'
[1.127s] reading manifest file 'turtlesim_plus.egg-info/SOURCES.txt'
[1.127s] writing manifest file 'turtlesim_plus.egg-info/SOURCES.txt'
[1.141s] Built target ament_cmake_python_build_turtlesim_plus_egg
[1.147s] Invoked command in '/home/napassorn/Desktop/FRA501_exam1_6435_6449/build/turtlesim_plus' returned '0': CMAKE_PREFIX_PATH=${CMAKE_PREFIX_PATH}:/opt/ros/humble /usr/bin/cmake --build /home/napassorn/Desktop/FRA501_exam1_6435_6449/build/turtlesim_plus -- -j20 -l20
[1.166s] Invoking command in '/home/napassorn/Desktop/FRA501_exam1_6435_6449/build/turtlesim_plus': CMAKE_PREFIX_PATH=${CMAKE_PREFIX_PATH}:/opt/ros/humble /usr/bin/cmake --install /home/napassorn/Desktop/FRA501_exam1_6435_6449/build/turtlesim_plus
[1.170s] -- Install configuration: ""
[1.170s] -- Installing: /home/napassorn/Desktop/FRA501_exam1_6435_6449/install/turtlesim_plus/share/turtlesim_plus/environment/pythonpath.sh
[1.170s] -- Installing: /home/napassorn/Desktop/FRA501_exam1_6435_6449/install/turtlesim_plus/share/turtlesim_plus/environment/pythonpath.dsv
[1.170s] -- Installing: /home/napassorn/Desktop/FRA501_exam1_6435_6449/install/turtlesim_plus/local/lib/python3.10/dist-packages/turtlesim_plus-1.0.0-py3.10.egg-info
[1.170s] -- Installing: /home/napassorn/Desktop/FRA501_exam1_6435_6449/install/turtlesim_plus/local/lib/python3.10/dist-packages/turtlesim_plus-1.0.0-py3.10.egg-info/PKG-INFO
[1.170s] -- Installing: /home/napassorn/Desktop/FRA501_exam1_6435_6449/install/turtlesim_plus/local/lib/python3.10/dist-packages/turtlesim_plus-1.0.0-py3.10.egg-info/top_level.txt
[1.170s] -- Installing: /home/napassorn/Desktop/FRA501_exam1_6435_6449/install/turtlesim_plus/local/lib/python3.10/dist-packages/turtlesim_plus-1.0.0-py3.10.egg-info/SOURCES.txt
[1.170s] -- Installing: /home/napassorn/Desktop/FRA501_exam1_6435_6449/install/turtlesim_plus/local/lib/python3.10/dist-packages/turtlesim_plus-1.0.0-py3.10.egg-info/dependency_links.txt
[1.170s] -- Installing: /home/napassorn/Desktop/FRA501_exam1_6435_6449/install/turtlesim_plus/local/lib/python3.10/dist-packages/turtlesim_plus
[1.170s] -- Installing: /home/napassorn/Desktop/FRA501_exam1_6435_6449/install/turtlesim_plus/local/lib/python3.10/dist-packages/turtlesim_plus/ros2_plugins.py
[1.170s] -- Installing: /home/napassorn/Desktop/FRA501_exam1_6435_6449/install/turtlesim_plus/local/lib/python3.10/dist-packages/turtlesim_plus/entity.py
[1.170s] -- Installing: /home/napassorn/Desktop/FRA501_exam1_6435_6449/install/turtlesim_plus/local/lib/python3.10/dist-packages/turtlesim_plus/image
[1.170s] -- Installing: /home/napassorn/Desktop/FRA501_exam1_6435_6449/install/turtlesim_plus/local/lib/python3.10/dist-packages/turtlesim_plus/image/object
[1.171s] -- Installing: /home/napassorn/Desktop/FRA501_exam1_6435_6449/install/turtlesim_plus/local/lib/python3.10/dist-packages/turtlesim_plus/image/object/parcel.png
[1.171s] -- Installing: /home/napassorn/Desktop/FRA501_exam1_6435_6449/install/turtlesim_plus/local/lib/python3.10/dist-packages/turtlesim_plus/image/object/pizza.png
[1.171s] -- Installing: /home/napassorn/Desktop/FRA501_exam1_6435_6449/install/turtlesim_plus/local/lib/python3.10/dist-packages/turtlesim_plus/image/turtle
[1.171s] -- Installing: /home/napassorn/Desktop/FRA501_exam1_6435_6449/install/turtlesim_plus/local/lib/python3.10/dist-packages/turtlesim_plus/image/turtle/foxy.png
[1.171s] -- Installing: /home/napassorn/Desktop/FRA501_exam1_6435_6449/install/turtlesim_plus/local/lib/python3.10/dist-packages/turtlesim_plus/image/turtle/crystal.png
[1.171s] -- Installing: /home/napassorn/Desktop/FRA501_exam1_6435_6449/install/turtlesim_plus/local/lib/python3.10/dist-packages/turtlesim_plus/image/turtle/ardent.png
[1.171s] -- Installing: /home/napassorn/Desktop/FRA501_exam1_6435_6449/install/turtlesim_plus/local/lib/python3.10/dist-packages/turtlesim_plus/image/turtle/humble.png
[1.171s] -- Installing: /home/napassorn/Desktop/FRA501_exam1_6435_6449/install/turtlesim_plus/local/lib/python3.10/dist-packages/turtlesim_plus/image/turtle/dashing.png
[1.171s] -- Installing: /home/napassorn/Desktop/FRA501_exam1_6435_6449/install/turtlesim_plus/local/lib/python3.10/dist-packages/turtlesim_plus/image/turtle/eloquent.png
[1.171s] -- Installing: /home/napassorn/Desktop/FRA501_exam1_6435_6449/install/turtlesim_plus/local/lib/python3.10/dist-packages/turtlesim_plus/image/turtle/galactic.png
[1.171s] -- Installing: /home/napassorn/Desktop/FRA501_exam1_6435_6449/install/turtlesim_plus/local/lib/python3.10/dist-packages/turtlesim_plus/image/turtle/otto.png
[1.171s] -- Installing: /home/napassorn/Desktop/FRA501_exam1_6435_6449/install/turtlesim_plus/local/lib/python3.10/dist-packages/turtlesim_plus/image/turtle/bouncy.png
[1.171s] -- Installing: /home/napassorn/Desktop/FRA501_exam1_6435_6449/install/turtlesim_plus/local/lib/python3.10/dist-packages/turtlesim_plus/image/turtle/rolling.png
[1.171s] -- Installing: /home/napassorn/Desktop/FRA501_exam1_6435_6449/install/turtlesim_plus/local/lib/python3.10/dist-packages/turtlesim_plus/image/map
[1.171s] -- Installing: /home/napassorn/Desktop/FRA501_exam1_6435_6449/install/turtlesim_plus/local/lib/python3.10/dist-packages/turtlesim_plus/image/map/map.png
[1.171s] -- Installing: /home/napassorn/Desktop/FRA501_exam1_6435_6449/install/turtlesim_plus/local/lib/python3.10/dist-packages/turtlesim_plus/__init__.py
[1.196s] Listing '/home/napassorn/Desktop/FRA501_exam1_6435_6449/install/turtlesim_plus/local/lib/python3.10/dist-packages/turtlesim_plus'...
[1.196s] Compiling '/home/napassorn/Desktop/FRA501_exam1_6435_6449/install/turtlesim_plus/local/lib/python3.10/dist-packages/turtlesim_plus/__init__.py'...
[1.196s] Compiling '/home/napassorn/Desktop/FRA501_exam1_6435_6449/install/turtlesim_plus/local/lib/python3.10/dist-packages/turtlesim_plus/entity.py'...
[1.196s] Listing '/home/napassorn/Desktop/FRA501_exam1_6435_6449/install/turtlesim_plus/local/lib/python3.10/dist-packages/turtlesim_plus/image'...
[1.196s] Listing '/home/napassorn/Desktop/FRA501_exam1_6435_6449/install/turtlesim_plus/local/lib/python3.10/dist-packages/turtlesim_plus/image/map'...
[1.196s] Listing '/home/napassorn/Desktop/FRA501_exam1_6435_6449/install/turtlesim_plus/local/lib/python3.10/dist-packages/turtlesim_plus/image/object'...
[1.196s] Listing '/home/napassorn/Desktop/FRA501_exam1_6435_6449/install/turtlesim_plus/local/lib/python3.10/dist-packages/turtlesim_plus/image/turtle'...
[1.196s] Compiling '/home/napassorn/Desktop/FRA501_exam1_6435_6449/install/turtlesim_plus/local/lib/python3.10/dist-packages/turtlesim_plus/ros2_plugins.py'...
[1.199s] -- Installing: /home/napassorn/Desktop/FRA501_exam1_6435_6449/install/turtlesim_plus/lib/turtlesim_plus/turtlesim_plus_node.py
[1.199s] -- Installing: /home/napassorn/Desktop/FRA501_exam1_6435_6449/install/turtlesim_plus/lib/turtlesim_plus/pizza_on_click.py
[1.200s] -- Up-to-date: /home/napassorn/Desktop/FRA501_exam1_6435_6449/install/turtlesim_plus/share/turtlesim_plus
[1.200s] -- Installing: /home/napassorn/Desktop/FRA501_exam1_6435_6449/install/turtlesim_plus/share/ament_index/resource_index/package_run_dependencies/turtlesim_plus
[1.200s] -- Installing: /home/napassorn/Desktop/FRA501_exam1_6435_6449/install/turtlesim_plus/share/ament_index/resource_index/parent_prefix_path/turtlesim_plus
[1.200s] -- Installing: /home/napassorn/Desktop/FRA501_exam1_6435_6449/install/turtlesim_plus/share/turtlesim_plus/environment/ament_prefix_path.sh
[1.200s] -- Installing: /home/napassorn/Desktop/FRA501_exam1_6435_6449/install/turtlesim_plus/share/turtlesim_plus/environment/ament_prefix_path.dsv
[1.200s] -- Installing: /home/napassorn/Desktop/FRA501_exam1_6435_6449/install/turtlesim_plus/share/turtlesim_plus/environment/path.sh
[1.200s] -- Installing: /home/napassorn/Desktop/FRA501_exam1_6435_6449/install/turtlesim_plus/share/turtlesim_plus/environment/path.dsv
[1.200s] -- Installing: /home/napassorn/Desktop/FRA501_exam1_6435_6449/install/turtlesim_plus/share/turtlesim_plus/local_setup.bash
[1.200s] -- Installing: /home/napassorn/Desktop/FRA501_exam1_6435_6449/install/turtlesim_plus/share/turtlesim_plus/local_setup.sh
[1.200s] -- Installing: /home/napassorn/Desktop/FRA501_exam1_6435_6449/install/turtlesim_plus/share/turtlesim_plus/local_setup.zsh
[1.200s] -- Installing: /home/napassorn/Desktop/FRA501_exam1_6435_6449/install/turtlesim_plus/share/turtlesim_plus/local_setup.dsv
[1.200s] -- Installing: /home/napassorn/Desktop/FRA501_exam1_6435_6449/install/turtlesim_plus/share/turtlesim_plus/package.dsv
[1.200s] -- Installing: /home/napassorn/Desktop/FRA501_exam1_6435_6449/install/turtlesim_plus/share/ament_index/resource_index/packages/turtlesim_plus
[1.200s] -- Installing: /home/napassorn/Desktop/FRA501_exam1_6435_6449/install/turtlesim_plus/share/turtlesim_plus/cmake/turtlesim_plusConfig.cmake
[1.201s] -- Installing: /home/napassorn/Desktop/FRA501_exam1_6435_6449/install/turtlesim_plus/share/turtlesim_plus/cmake/turtlesim_plusConfig-version.cmake
[1.202s] -- Installing: /home/napassorn/Desktop/FRA501_exam1_6435_6449/install/turtlesim_plus/share/turtlesim_plus/package.xml
[1.202s] Invoked command in '/home/napassorn/Desktop/FRA501_exam1_6435_6449/build/turtlesim_plus' returned '0': CMAKE_PREFIX_PATH=${CMAKE_PREFIX_PATH}:/opt/ros/humble /usr/bin/cmake --install /home/napassorn/Desktop/FRA501_exam1_6435_6449/build/turtlesim_plus
