[0.337s] DEBUG:colcon:Command line arguments: ['/usr/bin/colcon', 'build']
[0.337s] DEBUG:colcon:Parsed command line arguments: Namespace(log_base=None, log_level=None, verb_name='build', build_base='build', install_base='install', merge_install=False, symlink_install=False, test_result_base=None, continue_on_error=False, executor='parallel', parallel_workers=20, event_handlers=None, ignore_user_meta=False, metas=['./colcon.meta'], base_paths=['.'], packages_ignore=None, packages_ignore_regex=None, paths=None, packages_up_to=None, packages_up_to_regex=None, packages_above=None, packages_above_and_dependencies=None, packages_above_depth=None, packages_select_by_dep=None, packages_skip_by_dep=None, packages_skip_up_to=None, packages_select_build_failed=False, packages_skip_build_finished=False, packages_select_test_failures=False, packages_skip_test_passed=False, packages_select=None, packages_skip=None, packages_select_regex=None, packages_skip_regex=None, packages_start=None, packages_end=None, allow_overriding=[], cmake_args=None, cmake_target=None, cmake_target_skip_unavailable=False, cmake_clean_cache=False, cmake_clean_first=False, cmake_force_configure=False, meson_args=[], ament_cmake_args=None, catkin_cmake_args=None, catkin_skip_building_tests=False, mixin_files=None, mixin=None, verb_parser=<colcon_alias.argument_parser.alias.AliasArgumentDecorator object at 0x7fc7d0617a30>, verb_extension=<colcon_core.verb.build.BuildVerb object at 0x7fc7d11737c0>, main=<bound method BuildVerb.main of <colcon_core.verb.build.BuildVerb object at 0x7fc7d11737c0>>, mixin_verb=('build',))
[0.358s] Level 1:colcon.colcon_core.package_discovery:discover_packages(colcon_meta) check parameters
[0.358s] Level 1:colcon.colcon_core.package_discovery:discover_packages(recursive) check parameters
[0.358s] Level 1:colcon.colcon_core.package_discovery:discover_packages(ignore) check parameters
[0.358s] Level 1:colcon.colcon_core.package_discovery:discover_packages(path) check parameters
[0.358s] Level 1:colcon.colcon_core.package_discovery:discover_packages(colcon_meta) discover
[0.358s] Level 1:colcon.colcon_core.package_discovery:discover_packages(recursive) discover
[0.358s] INFO:colcon.colcon_core.package_discovery:Crawling recursively for packages in '/home/napassorn/Desktop/FRA501_exam1_6435_6449'
[0.358s] Level 1:colcon.colcon_core.package_identification:_identify(.) by extensions ['ignore', 'ignore_ament_install']
[0.358s] Level 1:colcon.colcon_core.package_identification:_identify(.) by extension 'ignore'
[0.358s] Level 1:colcon.colcon_core.package_identification:_identify(.) by extension 'ignore_ament_install'
[0.358s] Level 1:colcon.colcon_core.package_identification:_identify(.) by extensions ['colcon_pkg']
[0.359s] Level 1:colcon.colcon_core.package_identification:_identify(.) by extension 'colcon_pkg'
[0.359s] Level 1:colcon.colcon_core.package_identification:_identify(.) by extensions ['colcon_meta']
[0.359s] Level 1:colcon.colcon_core.package_identification:_identify(.) by extension 'colcon_meta'
[0.359s] Level 1:colcon.colcon_core.package_identification:_identify(.) by extensions ['ros']
[0.359s] Level 1:colcon.colcon_core.package_identification:_identify(.) by extension 'ros'
[0.366s] Level 1:colcon.colcon_core.package_identification:_identify(.) by extensions ['cmake', 'meson', 'python']
[0.366s] Level 1:colcon.colcon_core.package_identification:_identify(.) by extension 'cmake'
[0.366s] Level 1:colcon.colcon_core.package_identification:_identify(.) by extension 'meson'
[0.366s] Level 1:colcon.colcon_core.package_identification:_identify(.) by extension 'python'
[0.366s] Level 1:colcon.colcon_core.package_identification:_identify(.) by extensions ['python_setup_py']
[0.366s] Level 1:colcon.colcon_core.package_identification:_identify(.) by extension 'python_setup_py'
[0.366s] Level 1:colcon.colcon_core.package_identification:_identify(build) by extensions ['ignore', 'ignore_ament_install']
[0.366s] Level 1:colcon.colcon_core.package_identification:_identify(build) by extension 'ignore'
[0.366s] Level 1:colcon.colcon_core.package_identification:_identify(build) ignored
[0.366s] Level 1:colcon.colcon_core.package_identification:_identify(install) by extensions ['ignore', 'ignore_ament_install']
[0.366s] Level 1:colcon.colcon_core.package_identification:_identify(install) by extension 'ignore'
[0.367s] Level 1:colcon.colcon_core.package_identification:_identify(install) ignored
[0.367s] Level 1:colcon.colcon_core.package_identification:_identify(log) by extensions ['ignore', 'ignore_ament_install']
[0.367s] Level 1:colcon.colcon_core.package_identification:_identify(log) by extension 'ignore'
[0.367s] Level 1:colcon.colcon_core.package_identification:_identify(log) ignored
[0.367s] Level 1:colcon.colcon_core.package_identification:_identify(src) by extensions ['ignore', 'ignore_ament_install']
[0.367s] Level 1:colcon.colcon_core.package_identification:_identify(src) by extension 'ignore'
[0.367s] Level 1:colcon.colcon_core.package_identification:_identify(src) by extension 'ignore_ament_install'
[0.367s] Level 1:colcon.colcon_core.package_identification:_identify(src) by extensions ['colcon_pkg']
[0.367s] Level 1:colcon.colcon_core.package_identification:_identify(src) by extension 'colcon_pkg'
[0.367s] Level 1:colcon.colcon_core.package_identification:_identify(src) by extensions ['colcon_meta']
[0.367s] Level 1:colcon.colcon_core.package_identification:_identify(src) by extension 'colcon_meta'
[0.367s] Level 1:colcon.colcon_core.package_identification:_identify(src) by extensions ['ros']
[0.367s] Level 1:colcon.colcon_core.package_identification:_identify(src) by extension 'ros'
[0.367s] Level 1:colcon.colcon_core.package_identification:_identify(src) by extensions ['cmake', 'meson', 'python']
[0.367s] Level 1:colcon.colcon_core.package_identification:_identify(src) by extension 'cmake'
[0.367s] Level 1:colcon.colcon_core.package_identification:_identify(src) by extension 'meson'
[0.367s] Level 1:colcon.colcon_core.package_identification:_identify(src) by extension 'python'
[0.367s] Level 1:colcon.colcon_core.package_identification:_identify(src) by extensions ['python_setup_py']
[0.367s] Level 1:colcon.colcon_core.package_identification:_identify(src) by extension 'python_setup_py'
[0.367s] Level 1:colcon.colcon_core.package_identification:_identify(src/turtlesim_plus) by extensions ['ignore', 'ignore_ament_install']
[0.367s] Level 1:colcon.colcon_core.package_identification:_identify(src/turtlesim_plus) by extension 'ignore'
[0.367s] Level 1:colcon.colcon_core.package_identification:_identify(src/turtlesim_plus) by extension 'ignore_ament_install'
[0.367s] Level 1:colcon.colcon_core.package_identification:_identify(src/turtlesim_plus) by extensions ['colcon_pkg']
[0.367s] Level 1:colcon.colcon_core.package_identification:_identify(src/turtlesim_plus) by extension 'colcon_pkg'
[0.367s] Level 1:colcon.colcon_core.package_identification:_identify(src/turtlesim_plus) by extensions ['colcon_meta']
[0.367s] Level 1:colcon.colcon_core.package_identification:_identify(src/turtlesim_plus) by extension 'colcon_meta'
[0.367s] Level 1:colcon.colcon_core.package_identification:_identify(src/turtlesim_plus) by extensions ['ros']
[0.367s] Level 1:colcon.colcon_core.package_identification:_identify(src/turtlesim_plus) by extension 'ros'
[0.367s] Level 1:colcon.colcon_core.package_identification:_identify(src/turtlesim_plus) by extensions ['cmake', 'meson', 'python']
[0.367s] Level 1:colcon.colcon_core.package_identification:_identify(src/turtlesim_plus) by extension 'cmake'
[0.367s] Level 1:colcon.colcon_core.package_identification:_identify(src/turtlesim_plus) by extension 'meson'
[0.367s] Level 1:colcon.colcon_core.package_identification:_identify(src/turtlesim_plus) by extension 'python'
[0.367s] Level 1:colcon.colcon_core.package_identification:_identify(src/turtlesim_plus) by extensions ['python_setup_py']
[0.367s] Level 1:colcon.colcon_core.package_identification:_identify(src/turtlesim_plus) by extension 'python_setup_py'
[0.367s] Level 1:colcon.colcon_core.package_identification:_identify(src/turtlesim_plus/turtlesim_plus) by extensions ['ignore', 'ignore_ament_install']
[0.367s] Level 1:colcon.colcon_core.package_identification:_identify(src/turtlesim_plus/turtlesim_plus) by extension 'ignore'
[0.367s] Level 1:colcon.colcon_core.package_identification:_identify(src/turtlesim_plus/turtlesim_plus) by extension 'ignore_ament_install'
[0.367s] Level 1:colcon.colcon_core.package_identification:_identify(src/turtlesim_plus/turtlesim_plus) by extensions ['colcon_pkg']
[0.367s] Level 1:colcon.colcon_core.package_identification:_identify(src/turtlesim_plus/turtlesim_plus) by extension 'colcon_pkg'
[0.367s] Level 1:colcon.colcon_core.package_identification:_identify(src/turtlesim_plus/turtlesim_plus) by extensions ['colcon_meta']
[0.367s] Level 1:colcon.colcon_core.package_identification:_identify(src/turtlesim_plus/turtlesim_plus) by extension 'colcon_meta'
[0.367s] Level 1:colcon.colcon_core.package_identification:_identify(src/turtlesim_plus/turtlesim_plus) by extensions ['ros']
[0.367s] Level 1:colcon.colcon_core.package_identification:_identify(src/turtlesim_plus/turtlesim_plus) by extension 'ros'
[0.369s] DEBUG:colcon.colcon_core.package_identification:Package 'src/turtlesim_plus/turtlesim_plus' with type 'ros.ament_cmake' and name 'turtlesim_plus'
[0.369s] Level 1:colcon.colcon_core.package_identification:_identify(src/turtlesim_plus/turtlesim_plus_interfaces) by extensions ['ignore', 'ignore_ament_install']
[0.369s] Level 1:colcon.colcon_core.package_identification:_identify(src/turtlesim_plus/turtlesim_plus_interfaces) by extension 'ignore'
[0.370s] Level 1:colcon.colcon_core.package_identification:_identify(src/turtlesim_plus/turtlesim_plus_interfaces) by extension 'ignore_ament_install'
[0.370s] Level 1:colcon.colcon_core.package_identification:_identify(src/turtlesim_plus/turtlesim_plus_interfaces) by extensions ['colcon_pkg']
[0.370s] Level 1:colcon.colcon_core.package_identification:_identify(src/turtlesim_plus/turtlesim_plus_interfaces) by extension 'colcon_pkg'
[0.370s] Level 1:colcon.colcon_core.package_identification:_identify(src/turtlesim_plus/turtlesim_plus_interfaces) by extensions ['colcon_meta']
[0.370s] Level 1:colcon.colcon_core.package_identification:_identify(src/turtlesim_plus/turtlesim_plus_interfaces) by extension 'colcon_meta'
[0.370s] Level 1:colcon.colcon_core.package_identification:_identify(src/turtlesim_plus/turtlesim_plus_interfaces) by extensions ['ros']
[0.370s] Level 1:colcon.colcon_core.package_identification:_identify(src/turtlesim_plus/turtlesim_plus_interfaces) by extension 'ros'
[0.370s] DEBUG:colcon.colcon_core.package_identification:Package 'src/turtlesim_plus/turtlesim_plus_interfaces' with type 'ros.ament_cmake' and name 'turtlesim_plus_interfaces'
[0.370s] Level 1:colcon.colcon_core.package_discovery:discover_packages(recursive) using defaults
[0.370s] Level 1:colcon.colcon_core.package_discovery:discover_packages(ignore) discover
[0.370s] Level 1:colcon.colcon_core.package_discovery:discover_packages(ignore) using defaults
[0.370s] Level 1:colcon.colcon_core.package_discovery:discover_packages(path) discover
[0.370s] Level 1:colcon.colcon_core.package_discovery:discover_packages(path) using defaults
[0.384s] Level 1:colcon.colcon_core.package_discovery:discover_packages(prefix_path) check parameters
[0.384s] Level 1:colcon.colcon_core.package_discovery:discover_packages(prefix_path) discover
[0.386s] DEBUG:colcon.colcon_installed_package_information.package_discovery:Found 6 installed packages in /home/napassorn/fra501_ws/install
[0.386s] DEBUG:colcon.colcon_installed_package_information.package_discovery:Found 7 installed packages in /home/napassorn/install
[0.387s] DEBUG:colcon.colcon_installed_package_information.package_discovery:Found 284 installed packages in /opt/ros/humble
[0.389s] Level 1:colcon.colcon_core.package_discovery:discover_packages(prefix_path) using defaults
[0.439s] Level 5:colcon.colcon_core.verb:set package 'turtlesim_plus' build argument 'cmake_args' from command line to 'None'
[0.439s] Level 5:colcon.colcon_core.verb:set package 'turtlesim_plus' build argument 'cmake_target' from command line to 'None'
[0.439s] Level 5:colcon.colcon_core.verb:set package 'turtlesim_plus' build argument 'cmake_target_skip_unavailable' from command line to 'False'
[0.439s] Level 5:colcon.colcon_core.verb:set package 'turtlesim_plus' build argument 'cmake_clean_cache' from command line to 'False'
[0.439s] Level 5:colcon.colcon_core.verb:set package 'turtlesim_plus' build argument 'cmake_clean_first' from command line to 'False'
[0.439s] Level 5:colcon.colcon_core.verb:set package 'turtlesim_plus' build argument 'cmake_force_configure' from command line to 'False'
[0.439s] Level 5:colcon.colcon_core.verb:set package 'turtlesim_plus' build argument 'meson_args' from command line to '[]'
[0.439s] Level 5:colcon.colcon_core.verb:set package 'turtlesim_plus' build argument 'ament_cmake_args' from command line to 'None'
[0.439s] Level 5:colcon.colcon_core.verb:set package 'turtlesim_plus' build argument 'catkin_cmake_args' from command line to 'None'
[0.439s] Level 5:colcon.colcon_core.verb:set package 'turtlesim_plus' build argument 'catkin_skip_building_tests' from command line to 'False'
[0.439s] DEBUG:colcon.colcon_core.verb:Building package 'turtlesim_plus' with the following arguments: {'ament_cmake_args': None, 'build_base': '/home/napassorn/Desktop/FRA501_exam1_6435_6449/build/turtlesim_plus', 'catkin_cmake_args': None, 'catkin_skip_building_tests': False, 'cmake_args': None, 'cmake_clean_cache': False, 'cmake_clean_first': False, 'cmake_force_configure': False, 'cmake_target': None, 'cmake_target_skip_unavailable': False, 'install_base': '/home/napassorn/Desktop/FRA501_exam1_6435_6449/install/turtlesim_plus', 'merge_install': False, 'meson_args': [], 'path': '/home/napassorn/Desktop/FRA501_exam1_6435_6449/src/turtlesim_plus/turtlesim_plus', 'symlink_install': False, 'test_result_base': None}
[0.444s] Level 5:colcon.colcon_core.verb:set package 'turtlesim_plus_interfaces' build argument 'cmake_args' from command line to 'None'
[0.444s] Level 5:colcon.colcon_core.verb:set package 'turtlesim_plus_interfaces' build argument 'cmake_target' from command line to 'None'
[0.444s] Level 5:colcon.colcon_core.verb:set package 'turtlesim_plus_interfaces' build argument 'cmake_target_skip_unavailable' from command line to 'False'
[0.444s] Level 5:colcon.colcon_core.verb:set package 'turtlesim_plus_interfaces' build argument 'cmake_clean_cache' from command line to 'False'
[0.444s] Level 5:colcon.colcon_core.verb:set package 'turtlesim_plus_interfaces' build argument 'cmake_clean_first' from command line to 'False'
[0.444s] Level 5:colcon.colcon_core.verb:set package 'turtlesim_plus_interfaces' build argument 'cmake_force_configure' from command line to 'False'
[0.444s] Level 5:colcon.colcon_core.verb:set package 'turtlesim_plus_interfaces' build argument 'meson_args' from command line to '[]'
[0.444s] Level 5:colcon.colcon_core.verb:set package 'turtlesim_plus_interfaces' build argument 'ament_cmake_args' from command line to 'None'
[0.444s] Level 5:colcon.colcon_core.verb:set package 'turtlesim_plus_interfaces' build argument 'catkin_cmake_args' from command line to 'None'
[0.444s] Level 5:colcon.colcon_core.verb:set package 'turtlesim_plus_interfaces' build argument 'catkin_skip_building_tests' from command line to 'False'
[0.444s] DEBUG:colcon.colcon_core.verb:Building package 'turtlesim_plus_interfaces' with the following arguments: {'ament_cmake_args': None, 'build_base': '/home/napassorn/Desktop/FRA501_exam1_6435_6449/build/turtlesim_plus_interfaces', 'catkin_cmake_args': None, 'catkin_skip_building_tests': False, 'cmake_args': None, 'cmake_clean_cache': False, 'cmake_clean_first': False, 'cmake_force_configure': False, 'cmake_target': None, 'cmake_target_skip_unavailable': False, 'install_base': '/home/napassorn/Desktop/FRA501_exam1_6435_6449/install/turtlesim_plus_interfaces', 'merge_install': False, 'meson_args': [], 'path': '/home/napassorn/Desktop/FRA501_exam1_6435_6449/src/turtlesim_plus/turtlesim_plus_interfaces', 'symlink_install': False, 'test_result_base': None}
[0.445s] INFO:colcon.colcon_core.executor:Executing jobs using 'parallel' executor
[0.446s] DEBUG:colcon.colcon_parallel_executor.executor.parallel:run_until_complete
[0.446s] INFO:colcon.colcon_ros.task.ament_cmake.build:Building ROS package in '/home/napassorn/Desktop/FRA501_exam1_6435_6449/src/turtlesim_plus/turtlesim_plus' with build type 'ament_cmake'
[0.446s] INFO:colcon.colcon_cmake.task.cmake.build:Building CMake package in '/home/napassorn/Desktop/FRA501_exam1_6435_6449/src/turtlesim_plus/turtlesim_plus'
[0.450s] INFO:colcon.colcon_core.plugin_system:Skipping extension 'colcon_core.shell.bat': Not used on non-Windows systems
[0.450s] INFO:colcon.colcon_core.shell:Skip shell extension 'powershell' for command environment: Not usable outside of PowerShell
[0.450s] DEBUG:colcon.colcon_core.shell:Skip shell extension 'dsv' for command environment
[0.453s] INFO:colcon.colcon_ros.task.ament_cmake.build:Building ROS package in '/home/napassorn/Desktop/FRA501_exam1_6435_6449/src/turtlesim_plus/turtlesim_plus_interfaces' with build type 'ament_cmake'
[0.453s] INFO:colcon.colcon_cmake.task.cmake.build:Building CMake package in '/home/napassorn/Desktop/FRA501_exam1_6435_6449/src/turtlesim_plus/turtlesim_plus_interfaces'
[0.454s] INFO:colcon.colcon_core.shell:Skip shell extension 'powershell' for command environment: Not usable outside of PowerShell
[0.454s] DEBUG:colcon.colcon_core.shell:Skip shell extension 'dsv' for command environment
[0.458s] DEBUG:colcon.colcon_core.event_handler.log_command:Invoking command in '/home/napassorn/Desktop/FRA501_exam1_6435_6449/build/turtlesim_plus': CMAKE_PREFIX_PATH=${CMAKE_PREFIX_PATH}:/opt/ros/humble /usr/bin/cmake /home/napassorn/Desktop/FRA501_exam1_6435_6449/src/turtlesim_plus/turtlesim_plus -DCMAKE_INSTALL_PREFIX=/home/napassorn/Desktop/FRA501_exam1_6435_6449/install/turtlesim_plus
[0.461s] DEBUG:colcon.colcon_core.event_handler.log_command:Invoking command in '/home/napassorn/Desktop/FRA501_exam1_6435_6449/build/turtlesim_plus_interfaces': CMAKE_PREFIX_PATH=${CMAKE_PREFIX_PATH}:/opt/ros/humble /usr/bin/cmake /home/napassorn/Desktop/FRA501_exam1_6435_6449/src/turtlesim_plus/turtlesim_plus_interfaces -DCMAKE_INSTALL_PREFIX=/home/napassorn/Desktop/FRA501_exam1_6435_6449/install/turtlesim_plus_interfaces
[1.408s] DEBUG:colcon.colcon_core.event_handler.log_command:Invoked command in '/home/napassorn/Desktop/FRA501_exam1_6435_6449/build/turtlesim_plus' returned '0': CMAKE_PREFIX_PATH=${CMAKE_PREFIX_PATH}:/opt/ros/humble /usr/bin/cmake /home/napassorn/Desktop/FRA501_exam1_6435_6449/src/turtlesim_plus/turtlesim_plus -DCMAKE_INSTALL_PREFIX=/home/napassorn/Desktop/FRA501_exam1_6435_6449/install/turtlesim_plus
[1.409s] DEBUG:colcon.colcon_core.event_handler.log_command:Invoking command in '/home/napassorn/Desktop/FRA501_exam1_6435_6449/build/turtlesim_plus': CMAKE_PREFIX_PATH=${CMAKE_PREFIX_PATH}:/opt/ros/humble /usr/bin/cmake --build /home/napassorn/Desktop/FRA501_exam1_6435_6449/build/turtlesim_plus -- -j20 -l20
[1.563s] DEBUG:colcon.colcon_core.event_handler.log_command:Invoked command in '/home/napassorn/Desktop/FRA501_exam1_6435_6449/build/turtlesim_plus_interfaces' returned '0': CMAKE_PREFIX_PATH=${CMAKE_PREFIX_PATH}:/opt/ros/humble /usr/bin/cmake /home/napassorn/Desktop/FRA501_exam1_6435_6449/src/turtlesim_plus/turtlesim_plus_interfaces -DCMAKE_INSTALL_PREFIX=/home/napassorn/Desktop/FRA501_exam1_6435_6449/install/turtlesim_plus_interfaces
[1.563s] DEBUG:colcon.colcon_core.event_handler.log_command:Invoking command in '/home/napassorn/Desktop/FRA501_exam1_6435_6449/build/turtlesim_plus_interfaces': CMAKE_PREFIX_PATH=${CMAKE_PREFIX_PATH}:/opt/ros/humble /usr/bin/cmake --build /home/napassorn/Desktop/FRA501_exam1_6435_6449/build/turtlesim_plus_interfaces -- -j20 -l20
[1.594s] DEBUG:colcon.colcon_core.event_handler.log_command:Invoked command in '/home/napassorn/Desktop/FRA501_exam1_6435_6449/build/turtlesim_plus' returned '0': CMAKE_PREFIX_PATH=${CMAKE_PREFIX_PATH}:/opt/ros/humble /usr/bin/cmake --build /home/napassorn/Desktop/FRA501_exam1_6435_6449/build/turtlesim_plus -- -j20 -l20
[1.613s] DEBUG:colcon.colcon_core.event_handler.log_command:Invoking command in '/home/napassorn/Desktop/FRA501_exam1_6435_6449/build/turtlesim_plus': CMAKE_PREFIX_PATH=${CMAKE_PREFIX_PATH}:/opt/ros/humble /usr/bin/cmake --install /home/napassorn/Desktop/FRA501_exam1_6435_6449/build/turtlesim_plus
[1.648s] Level 1:colcon.colcon_core.environment:create_environment_scripts_only(turtlesim_plus)
[1.649s] DEBUG:colcon.colcon_core.event_handler.log_command:Invoked command in '/home/napassorn/Desktop/FRA501_exam1_6435_6449/build/turtlesim_plus' returned '0': CMAKE_PREFIX_PATH=${CMAKE_PREFIX_PATH}:/opt/ros/humble /usr/bin/cmake --install /home/napassorn/Desktop/FRA501_exam1_6435_6449/build/turtlesim_plus
[1.653s] Level 1:colcon.colcon_core.environment:checking '/home/napassorn/Desktop/FRA501_exam1_6435_6449/install/turtlesim_plus' for CMake module files
[1.654s] Level 1:colcon.colcon_core.environment:checking '/home/napassorn/Desktop/FRA501_exam1_6435_6449/install/turtlesim_plus' for CMake config files
[1.654s] Level 1:colcon.colcon_core.shell:create_environment_hook('turtlesim_plus', 'cmake_prefix_path')
[1.654s] INFO:colcon.colcon_core.shell:Creating environment hook '/home/napassorn/Desktop/FRA501_exam1_6435_6449/install/turtlesim_plus/share/turtlesim_plus/hook/cmake_prefix_path.ps1'
[1.655s] INFO:colcon.colcon_core.shell:Creating environment descriptor '/home/napassorn/Desktop/FRA501_exam1_6435_6449/install/turtlesim_plus/share/turtlesim_plus/hook/cmake_prefix_path.dsv'
[1.655s] INFO:colcon.colcon_core.shell:Creating environment hook '/home/napassorn/Desktop/FRA501_exam1_6435_6449/install/turtlesim_plus/share/turtlesim_plus/hook/cmake_prefix_path.sh'
[1.656s] Level 1:colcon.colcon_core.environment:checking '/home/napassorn/Desktop/FRA501_exam1_6435_6449/install/turtlesim_plus/lib'
[1.656s] Level 1:colcon.colcon_core.environment:checking '/home/napassorn/Desktop/FRA501_exam1_6435_6449/install/turtlesim_plus/bin'
[1.656s] Level 1:colcon.colcon_core.environment:checking '/home/napassorn/Desktop/FRA501_exam1_6435_6449/install/turtlesim_plus/lib/pkgconfig/turtlesim_plus.pc'
[1.656s] Level 1:colcon.colcon_core.environment:checking '/home/napassorn/Desktop/FRA501_exam1_6435_6449/install/turtlesim_plus/lib/python3.10/site-packages'
[1.656s] Level 1:colcon.colcon_core.environment:checking '/home/napassorn/Desktop/FRA501_exam1_6435_6449/install/turtlesim_plus/bin'
[1.657s] INFO:colcon.colcon_core.shell:Creating package script '/home/napassorn/Desktop/FRA501_exam1_6435_6449/install/turtlesim_plus/share/turtlesim_plus/package.ps1'
[1.658s] INFO:colcon.colcon_core.shell:Creating package descriptor '/home/napassorn/Desktop/FRA501_exam1_6435_6449/install/turtlesim_plus/share/turtlesim_plus/package.dsv'
[1.658s] INFO:colcon.colcon_core.shell:Creating package script '/home/napassorn/Desktop/FRA501_exam1_6435_6449/install/turtlesim_plus/share/turtlesim_plus/package.sh'
[1.659s] INFO:colcon.colcon_core.shell:Creating package script '/home/napassorn/Desktop/FRA501_exam1_6435_6449/install/turtlesim_plus/share/turtlesim_plus/package.bash'
[1.659s] INFO:colcon.colcon_core.shell:Creating package script '/home/napassorn/Desktop/FRA501_exam1_6435_6449/install/turtlesim_plus/share/turtlesim_plus/package.zsh'
[1.659s] Level 1:colcon.colcon_core.environment:create_file_with_runtime_dependencies(/home/napassorn/Desktop/FRA501_exam1_6435_6449/install/turtlesim_plus/share/colcon-core/packages/turtlesim_plus)
[1.674s] Level 1:colcon.colcon_core.environment:create_environment_scripts_only(turtlesim_plus)
[1.675s] Level 1:colcon.colcon_core.environment:checking '/home/napassorn/Desktop/FRA501_exam1_6435_6449/install/turtlesim_plus' for CMake module files
[1.676s] Level 1:colcon.colcon_core.environment:checking '/home/napassorn/Desktop/FRA501_exam1_6435_6449/install/turtlesim_plus' for CMake config files
[1.676s] Level 1:colcon.colcon_core.shell:create_environment_hook('turtlesim_plus', 'cmake_prefix_path')
[1.676s] INFO:colcon.colcon_core.shell:Creating environment hook '/home/napassorn/Desktop/FRA501_exam1_6435_6449/install/turtlesim_plus/share/turtlesim_plus/hook/cmake_prefix_path.ps1'
[1.677s] INFO:colcon.colcon_core.shell:Creating environment descriptor '/home/napassorn/Desktop/FRA501_exam1_6435_6449/install/turtlesim_plus/share/turtlesim_plus/hook/cmake_prefix_path.dsv'
[1.677s] INFO:colcon.colcon_core.shell:Creating environment hook '/home/napassorn/Desktop/FRA501_exam1_6435_6449/install/turtlesim_plus/share/turtlesim_plus/hook/cmake_prefix_path.sh'
[1.677s] Level 1:colcon.colcon_core.environment:checking '/home/napassorn/Desktop/FRA501_exam1_6435_6449/install/turtlesim_plus/lib'
[1.677s] Level 1:colcon.colcon_core.environment:checking '/home/napassorn/Desktop/FRA501_exam1_6435_6449/install/turtlesim_plus/bin'
[1.677s] Level 1:colcon.colcon_core.environment:checking '/home/napassorn/Desktop/FRA501_exam1_6435_6449/install/turtlesim_plus/lib/pkgconfig/turtlesim_plus.pc'
[1.677s] Level 1:colcon.colcon_core.environment:checking '/home/napassorn/Desktop/FRA501_exam1_6435_6449/install/turtlesim_plus/lib/python3.10/site-packages'
[1.677s] Level 1:colcon.colcon_core.environment:checking '/home/napassorn/Desktop/FRA501_exam1_6435_6449/install/turtlesim_plus/bin'
[1.678s] INFO:colcon.colcon_core.shell:Creating package script '/home/napassorn/Desktop/FRA501_exam1_6435_6449/install/turtlesim_plus/share/turtlesim_plus/package.ps1'
[1.678s] INFO:colcon.colcon_core.shell:Creating package descriptor '/home/napassorn/Desktop/FRA501_exam1_6435_6449/install/turtlesim_plus/share/turtlesim_plus/package.dsv'
[1.679s] INFO:colcon.colcon_core.shell:Creating package script '/home/napassorn/Desktop/FRA501_exam1_6435_6449/install/turtlesim_plus/share/turtlesim_plus/package.sh'
[1.679s] INFO:colcon.colcon_core.shell:Creating package script '/home/napassorn/Desktop/FRA501_exam1_6435_6449/install/turtlesim_plus/share/turtlesim_plus/package.bash'
[1.679s] INFO:colcon.colcon_core.shell:Creating package script '/home/napassorn/Desktop/FRA501_exam1_6435_6449/install/turtlesim_plus/share/turtlesim_plus/package.zsh'
[1.679s] Level 1:colcon.colcon_core.environment:create_file_with_runtime_dependencies(/home/napassorn/Desktop/FRA501_exam1_6435_6449/install/turtlesim_plus/share/colcon-core/packages/turtlesim_plus)
[3.443s] DEBUG:colcon.colcon_core.event_handler.log_command:Invoked command in '/home/napassorn/Desktop/FRA501_exam1_6435_6449/build/turtlesim_plus_interfaces' returned '0': CMAKE_PREFIX_PATH=${CMAKE_PREFIX_PATH}:/opt/ros/humble /usr/bin/cmake --build /home/napassorn/Desktop/FRA501_exam1_6435_6449/build/turtlesim_plus_interfaces -- -j20 -l20
[3.507s] DEBUG:colcon.colcon_core.event_handler.log_command:Invoking command in '/home/napassorn/Desktop/FRA501_exam1_6435_6449/build/turtlesim_plus_interfaces': CMAKE_PREFIX_PATH=${CMAKE_PREFIX_PATH}:/opt/ros/humble /usr/bin/cmake --install /home/napassorn/Desktop/FRA501_exam1_6435_6449/build/turtlesim_plus_interfaces
[3.554s] Level 1:colcon.colcon_core.environment:create_environment_scripts_only(turtlesim_plus_interfaces)
[3.555s] Level 1:colcon.colcon_core.environment:checking '/home/napassorn/Desktop/FRA501_exam1_6435_6449/install/turtlesim_plus_interfaces' for CMake module files
[3.555s] DEBUG:colcon.colcon_core.event_handler.log_command:Invoked command in '/home/napassorn/Desktop/FRA501_exam1_6435_6449/build/turtlesim_plus_interfaces' returned '0': CMAKE_PREFIX_PATH=${CMAKE_PREFIX_PATH}:/opt/ros/humble /usr/bin/cmake --install /home/napassorn/Desktop/FRA501_exam1_6435_6449/build/turtlesim_plus_interfaces
[3.555s] Level 1:colcon.colcon_core.environment:checking '/home/napassorn/Desktop/FRA501_exam1_6435_6449/install/turtlesim_plus_interfaces' for CMake config files
[3.555s] Level 1:colcon.colcon_core.shell:create_environment_hook('turtlesim_plus_interfaces', 'cmake_prefix_path')
[3.556s] INFO:colcon.colcon_core.shell:Creating environment hook '/home/napassorn/Desktop/FRA501_exam1_6435_6449/install/turtlesim_plus_interfaces/share/turtlesim_plus_interfaces/hook/cmake_prefix_path.ps1'
[3.556s] INFO:colcon.colcon_core.shell:Creating environment descriptor '/home/napassorn/Desktop/FRA501_exam1_6435_6449/install/turtlesim_plus_interfaces/share/turtlesim_plus_interfaces/hook/cmake_prefix_path.dsv'
[3.557s] INFO:colcon.colcon_core.shell:Creating environment hook '/home/napassorn/Desktop/FRA501_exam1_6435_6449/install/turtlesim_plus_interfaces/share/turtlesim_plus_interfaces/hook/cmake_prefix_path.sh'
[3.557s] Level 1:colcon.colcon_core.environment:checking '/home/napassorn/Desktop/FRA501_exam1_6435_6449/install/turtlesim_plus_interfaces/lib'
[3.557s] Level 1:colcon.colcon_core.shell:create_environment_hook('turtlesim_plus_interfaces', 'ld_library_path_lib')
[3.557s] INFO:colcon.colcon_core.shell:Creating environment hook '/home/napassorn/Desktop/FRA501_exam1_6435_6449/install/turtlesim_plus_interfaces/share/turtlesim_plus_interfaces/hook/ld_library_path_lib.ps1'
[3.558s] INFO:colcon.colcon_core.shell:Creating environment descriptor '/home/napassorn/Desktop/FRA501_exam1_6435_6449/install/turtlesim_plus_interfaces/share/turtlesim_plus_interfaces/hook/ld_library_path_lib.dsv'
[3.558s] INFO:colcon.colcon_core.shell:Creating environment hook '/home/napassorn/Desktop/FRA501_exam1_6435_6449/install/turtlesim_plus_interfaces/share/turtlesim_plus_interfaces/hook/ld_library_path_lib.sh'
[3.558s] Level 1:colcon.colcon_core.environment:checking '/home/napassorn/Desktop/FRA501_exam1_6435_6449/install/turtlesim_plus_interfaces/bin'
[3.558s] Level 1:colcon.colcon_core.environment:checking '/home/napassorn/Desktop/FRA501_exam1_6435_6449/install/turtlesim_plus_interfaces/lib/pkgconfig/turtlesim_plus_interfaces.pc'
[3.558s] Level 1:colcon.colcon_core.environment:checking '/home/napassorn/Desktop/FRA501_exam1_6435_6449/install/turtlesim_plus_interfaces/lib/python3.10/site-packages'
[3.558s] Level 1:colcon.colcon_core.environment:checking '/home/napassorn/Desktop/FRA501_exam1_6435_6449/install/turtlesim_plus_interfaces/bin'
[3.559s] INFO:colcon.colcon_core.shell:Creating package script '/home/napassorn/Desktop/FRA501_exam1_6435_6449/install/turtlesim_plus_interfaces/share/turtlesim_plus_interfaces/package.ps1'
[3.559s] INFO:colcon.colcon_core.shell:Creating package descriptor '/home/napassorn/Desktop/FRA501_exam1_6435_6449/install/turtlesim_plus_interfaces/share/turtlesim_plus_interfaces/package.dsv'
[3.559s] INFO:colcon.colcon_core.shell:Creating package script '/home/napassorn/Desktop/FRA501_exam1_6435_6449/install/turtlesim_plus_interfaces/share/turtlesim_plus_interfaces/package.sh'
[3.560s] INFO:colcon.colcon_core.shell:Creating package script '/home/napassorn/Desktop/FRA501_exam1_6435_6449/install/turtlesim_plus_interfaces/share/turtlesim_plus_interfaces/package.bash'
[3.560s] INFO:colcon.colcon_core.shell:Creating package script '/home/napassorn/Desktop/FRA501_exam1_6435_6449/install/turtlesim_plus_interfaces/share/turtlesim_plus_interfaces/package.zsh'
[3.560s] Level 1:colcon.colcon_core.environment:create_file_with_runtime_dependencies(/home/napassorn/Desktop/FRA501_exam1_6435_6449/install/turtlesim_plus_interfaces/share/colcon-core/packages/turtlesim_plus_interfaces)
[3.624s] Level 1:colcon.colcon_core.environment:create_environment_scripts_only(turtlesim_plus_interfaces)
[3.625s] Level 1:colcon.colcon_core.environment:checking '/home/napassorn/Desktop/FRA501_exam1_6435_6449/install/turtlesim_plus_interfaces' for CMake module files
[3.625s] Level 1:colcon.colcon_core.environment:checking '/home/napassorn/Desktop/FRA501_exam1_6435_6449/install/turtlesim_plus_interfaces' for CMake config files
[3.625s] Level 1:colcon.colcon_core.shell:create_environment_hook('turtlesim_plus_interfaces', 'cmake_prefix_path')
[3.626s] INFO:colcon.colcon_core.shell:Creating environment hook '/home/napassorn/Desktop/FRA501_exam1_6435_6449/install/turtlesim_plus_interfaces/share/turtlesim_plus_interfaces/hook/cmake_prefix_path.ps1'
[3.626s] INFO:colcon.colcon_core.shell:Creating environment descriptor '/home/napassorn/Desktop/FRA501_exam1_6435_6449/install/turtlesim_plus_interfaces/share/turtlesim_plus_interfaces/hook/cmake_prefix_path.dsv'
[3.626s] INFO:colcon.colcon_core.shell:Creating environment hook '/home/napassorn/Desktop/FRA501_exam1_6435_6449/install/turtlesim_plus_interfaces/share/turtlesim_plus_interfaces/hook/cmake_prefix_path.sh'
[3.627s] Level 1:colcon.colcon_core.environment:checking '/home/napassorn/Desktop/FRA501_exam1_6435_6449/install/turtlesim_plus_interfaces/lib'
[3.627s] Level 1:colcon.colcon_core.shell:create_environment_hook('turtlesim_plus_interfaces', 'ld_library_path_lib')
[3.627s] INFO:colcon.colcon_core.shell:Creating environment hook '/home/napassorn/Desktop/FRA501_exam1_6435_6449/install/turtlesim_plus_interfaces/share/turtlesim_plus_interfaces/hook/ld_library_path_lib.ps1'
[3.628s] INFO:colcon.colcon_core.shell:Creating environment descriptor '/home/napassorn/Desktop/FRA501_exam1_6435_6449/install/turtlesim_plus_interfaces/share/turtlesim_plus_interfaces/hook/ld_library_path_lib.dsv'
[3.628s] INFO:colcon.colcon_core.shell:Creating environment hook '/home/napassorn/Desktop/FRA501_exam1_6435_6449/install/turtlesim_plus_interfaces/share/turtlesim_plus_interfaces/hook/ld_library_path_lib.sh'
[3.628s] Level 1:colcon.colcon_core.environment:checking '/home/napassorn/Desktop/FRA501_exam1_6435_6449/install/turtlesim_plus_interfaces/bin'
[3.628s] Level 1:colcon.colcon_core.environment:checking '/home/napassorn/Desktop/FRA501_exam1_6435_6449/install/turtlesim_plus_interfaces/lib/pkgconfig/turtlesim_plus_interfaces.pc'
[3.628s] Level 1:colcon.colcon_core.environment:checking '/home/napassorn/Desktop/FRA501_exam1_6435_6449/install/turtlesim_plus_interfaces/lib/python3.10/site-packages'
[3.628s] Level 1:colcon.colcon_core.environment:checking '/home/napassorn/Desktop/FRA501_exam1_6435_6449/install/turtlesim_plus_interfaces/bin'
[3.629s] INFO:colcon.colcon_core.shell:Creating package script '/home/napassorn/Desktop/FRA501_exam1_6435_6449/install/turtlesim_plus_interfaces/share/turtlesim_plus_interfaces/package.ps1'
[3.629s] INFO:colcon.colcon_core.shell:Creating package descriptor '/home/napassorn/Desktop/FRA501_exam1_6435_6449/install/turtlesim_plus_interfaces/share/turtlesim_plus_interfaces/package.dsv'
[3.629s] INFO:colcon.colcon_core.shell:Creating package script '/home/napassorn/Desktop/FRA501_exam1_6435_6449/install/turtlesim_plus_interfaces/share/turtlesim_plus_interfaces/package.sh'
[3.629s] INFO:colcon.colcon_core.shell:Creating package script '/home/napassorn/Desktop/FRA501_exam1_6435_6449/install/turtlesim_plus_interfaces/share/turtlesim_plus_interfaces/package.bash'
[3.630s] INFO:colcon.colcon_core.shell:Creating package script '/home/napassorn/Desktop/FRA501_exam1_6435_6449/install/turtlesim_plus_interfaces/share/turtlesim_plus_interfaces/package.zsh'
[3.630s] Level 1:colcon.colcon_core.environment:create_file_with_runtime_dependencies(/home/napassorn/Desktop/FRA501_exam1_6435_6449/install/turtlesim_plus_interfaces/share/colcon-core/packages/turtlesim_plus_interfaces)
[3.630s] DEBUG:colcon.colcon_parallel_executor.executor.parallel:closing loop
[3.630s] DEBUG:colcon.colcon_parallel_executor.executor.parallel:loop closed
[3.630s] DEBUG:colcon.colcon_parallel_executor.executor.parallel:run_until_complete finished with '0'
[3.630s] DEBUG:colcon.colcon_core.event_reactor:joining thread
[3.634s] INFO:colcon.colcon_core.plugin_system:Skipping extension 'colcon_notification.desktop_notification.terminal_notifier': Not used on non-Darwin systems
[3.634s] INFO:colcon.colcon_core.plugin_system:Skipping extension 'colcon_notification.desktop_notification.win32': Not used on non-Windows systems
[3.634s] INFO:colcon.colcon_notification.desktop_notification:Sending desktop notification using 'notify2'
[3.642s] DEBUG:colcon.colcon_core.event_reactor:joined thread
[3.643s] INFO:colcon.colcon_core.shell:Creating prefix script '/home/napassorn/Desktop/FRA501_exam1_6435_6449/install/local_setup.ps1'
[3.643s] INFO:colcon.colcon_core.shell:Creating prefix util module '/home/napassorn/Desktop/FRA501_exam1_6435_6449/install/_local_setup_util_ps1.py'
[3.644s] INFO:colcon.colcon_core.shell:Creating prefix chain script '/home/napassorn/Desktop/FRA501_exam1_6435_6449/install/setup.ps1'
[3.645s] INFO:colcon.colcon_core.shell:Creating prefix script '/home/napassorn/Desktop/FRA501_exam1_6435_6449/install/local_setup.sh'
[3.646s] INFO:colcon.colcon_core.shell:Creating prefix util module '/home/napassorn/Desktop/FRA501_exam1_6435_6449/install/_local_setup_util_sh.py'
[3.646s] INFO:colcon.colcon_core.shell:Creating prefix chain script '/home/napassorn/Desktop/FRA501_exam1_6435_6449/install/setup.sh'
[3.647s] INFO:colcon.colcon_core.shell:Creating prefix script '/home/napassorn/Desktop/FRA501_exam1_6435_6449/install/local_setup.bash'
[3.647s] INFO:colcon.colcon_core.shell:Creating prefix chain script '/home/napassorn/Desktop/FRA501_exam1_6435_6449/install/setup.bash'
[3.648s] INFO:colcon.colcon_core.shell:Creating prefix script '/home/napassorn/Desktop/FRA501_exam1_6435_6449/install/local_setup.zsh'
[3.649s] INFO:colcon.colcon_core.shell:Creating prefix chain script '/home/napassorn/Desktop/FRA501_exam1_6435_6449/install/setup.zsh'
